27-Aug-2018 12:43:28.17 
 >>>>>> 
 >>>>>> Test in progress: test_C111_CheckCustomerWithTransportAdded
 >>>>>>
27-Aug-2018 12:43:29.80 Logging at address: dev.rooser.co.uk
27-Aug-2018 12:43:32.22 User admin@rooser.co.uk logged in.
27-Aug-2018 12:43:36.05 Transport created.
27-Aug-2018 12:43:37.95 Customer created.
27-Aug-2018 12:43:39.36 Customer deleted.
27-Aug-2018 12:43:40.61 Transport deleted.
27-Aug-2018 12:43:40.61 >>>>>> Test execution done, tearDown

27-Aug-2018 12:43:41.08 User logged out.
.27-Aug-2018 12:43:41.20 
 >>>>>> 
 >>>>>> Test in progress: test_C112_CheckCustomerWithTransportEdited
 >>>>>>
27-Aug-2018 12:43:42.87 Logging at address: dev.rooser.co.uk
27-Aug-2018 12:43:45.37 User admin@rooser.co.uk logged in.
27-Aug-2018 12:43:51.41 Transport created.
27-Aug-2018 12:43:53.31 Customer created.
27-Aug-2018 12:43:55.91 Customer edited.
27-Aug-2018 12:43:57.27 Customer deleted.
27-Aug-2018 12:43:58.54 Transport deleted.
27-Aug-2018 12:43:58.54 >>>>>> Test execution done, tearDown

27-Aug-2018 12:43:58.99 User logged out.
.27-Aug-2018 12:43:59.06 
 >>>>>> 
 >>>>>> Test in progress: test_C113_CheckCustomerWithTransportRemoved
 >>>>>>
27-Aug-2018 12:44:00.73 Logging at address: dev.rooser.co.uk
27-Aug-2018 12:44:03.12 User admin@rooser.co.uk logged in.
27-Aug-2018 12:44:06.93 Transport created.
27-Aug-2018 12:44:09.10 Customer created.
27-Aug-2018 12:44:10.44 Customer deleted.
E27-Aug-2018 12:44:10.67 >>>>>> Test execution done, tearDown

27-Aug-2018 12:44:11.15 User logged out.
27-Aug-2018 12:44:11.26 
 >>>>>> 
 >>>>>> Test in progress: test_C114_CheckNewCustomerWithTransportRightDetails
 >>>>>>
27-Aug-2018 12:44:12.90 Logging at address: dev.rooser.co.uk
27-Aug-2018 12:44:15.53 User admin@rooser.co.uk logged in.
27-Aug-2018 12:44:25.84 Transport created.
27-Aug-2018 12:44:27.80 Customer created.
27-Aug-2018 12:44:29.30 Customer deleted.
27-Aug-2018 12:44:30.62 Transport deleted.
27-Aug-2018 12:44:30.62 >>>>>> Test execution done, tearDown

27-Aug-2018 12:44:31.19 User logged out.
.27-Aug-2018 12:44:31.26 
 >>>>>> 
 >>>>>> Test in progress: test_C115_CheckCustomerWithTransportDetailsThenEdit
 >>>>>>
27-Aug-2018 12:44:32.98 Logging at address: dev.rooser.co.uk
27-Aug-2018 12:44:35.32 User admin@rooser.co.uk logged in.
27-Aug-2018 12:45:03.94 Transport created.
27-Aug-2018 12:45:15.95 Customer created.
27-Aug-2018 12:45:31.67 Customer edited.
27-Aug-2018 12:45:32.92 Customer deleted.
27-Aug-2018 12:45:34.26 Transport deleted.
27-Aug-2018 12:45:34.26 >>>>>> Test execution done, tearDown

E27-Aug-2018 12:45:35.00 User logged out.
27-Aug-2018 12:45:35.12 
 >>>>>> 
 >>>>>> Test in progress: test_C116_CheckCustomerWithTransportDetailsThenDelete
 >>>>>>
27-Aug-2018 12:45:36.79 Logging at address: dev.rooser.co.uk
27-Aug-2018 12:45:38.93 User admin@rooser.co.uk logged in.
27-Aug-2018 12:45:44.93 Transport created.
27-Aug-2018 12:45:46.86 Customer created.
27-Aug-2018 12:45:48.27 Customer deleted.
27-Aug-2018 12:45:49.65 Transport deleted.
27-Aug-2018 12:45:49.65 >>>>>> Test execution done, tearDown

27-Aug-2018 12:45:50.10 User logged out.
.
======================================================================
ERROR: test_C113_CheckCustomerWithTransportRemoved (SmokeSuiteCustomers.SmokeTestCustomers)
----------------------------------------------------------------------
Traceback (most recent call last):
  File "/afs/inf.ed.ac.uk/user/s12/s1211898/askThomas/automationRooserMsp/Tests/SmokeSuiteCustomers.py", line 117, in test_C113_CheckCustomerWithTransportRemoved
    self.assertEqual(no_customer_message, customers_page.empty_text)
  File "/afs/inf.ed.ac.uk/user/s12/s1211898/askThomas/automationRooserMsp/TestPages/CustomersPage.py", line 82, in empty_text
    return InvariableField(self.webdriver, by_type=By.CSS_SELECTOR, value=".react-bs-table-no-data").get_html()
  File "/afs/inf.ed.ac.uk/user/s12/s1211898/askThomas/automationRooserMsp/TestPages/TestPageObjects/InvariableField.py", line 8, in __init__
    self.element = web_driver_find.find_all(by_type, value)[index]
IndexError: list index out of range

======================================================================
ERROR: test_C115_CheckCustomerWithTransportDetailsThenEdit (SmokeSuiteCustomers.SmokeTestCustomers)
----------------------------------------------------------------------
Traceback (most recent call last):
  File "/afs/inf.ed.ac.uk/user/s12/s1211898/askThomas/automationRooserMsp/TestPages/CustomersPage.py", line 57, in remove_entry
    self.delete_row(row)
  File "/afs/inf.ed.ac.uk/user/s12/s1211898/askThomas/automationRooserMsp/TestPages/CustomersPage.py", line 61, in delete_row
    row.delete_row_item.click()
AttributeError: 'NoneType' object has no attribute 'delete_row_item'

----------------------------------------------------------------------
Ran 6 tests in 142.045s

FAILED (errors=2)
27-Aug-2018 12:45:50.22 <<<<<<<<<<<<<<<<Test run - Smoke complete!>>>>>>>>>>>>>>>>
