05-Aug-2018 20:33:14.21 
 >>>>>> 
 >>>>>> Test in progress: test_C1_CheckTansportsPageDisplayedCorrectly
 >>>>>>
05-Aug-2018 20:33:15.79 Logging at address: dev.rooser.co.uk
05-Aug-2018 20:33:18.06 User admin@rooser.co.uk logged in.
E05-Aug-2018 20:33:20.98 User logged out.
05-Aug-2018 20:33:21.10 
 >>>>>> 
 >>>>>> Test in progress: test_C105_CheckNoDuplicateEntriesAllowed
 >>>>>>
05-Aug-2018 20:33:22.68 Logging at address: dev.rooser.co.uk
05-Aug-2018 20:33:24.90 User admin@rooser.co.uk logged in.
E05-Aug-2018 20:33:27.70 >>>>>> Test execution done, tearDown

05-Aug-2018 20:33:28.26 User logged out.
05-Aug-2018 20:33:28.38 
 >>>>>> 
 >>>>>> Test in progress: test_C10_CheckTransportDetailsThenEdit
 >>>>>>
05-Aug-2018 20:33:29.97 Logging at address: dev.rooser.co.uk
05-Aug-2018 20:33:31.99 User admin@rooser.co.uk logged in.
E05-Aug-2018 20:33:34.89 >>>>>> Test execution done, tearDown

E05-Aug-2018 20:33:35.53 User logged out.
05-Aug-2018 20:33:35.64 
 >>>>>> 
 >>>>>> Test in progress: test_C11_CheckTransportDetailsThenDelete
 >>>>>>
05-Aug-2018 20:33:37.24 Logging at address: dev.rooser.co.uk
05-Aug-2018 20:33:39.41 User admin@rooser.co.uk logged in.
E05-Aug-2018 20:33:42.23 >>>>>> Test execution done, tearDown

05-Aug-2018 20:33:42.77 User logged out.
05-Aug-2018 20:33:42.84 
 >>>>>> 
 >>>>>> Test in progress: test_C1_CheckTansportsPageDisplayedCorrectly
 >>>>>>
05-Aug-2018 20:33:44.43 Logging at address: dev.rooser.co.uk
05-Aug-2018 20:33:46.61 User admin@rooser.co.uk logged in.
05-Aug-2018 20:33:49.02 >>>>>> Test execution done, tearDown

05-Aug-2018 20:33:49.55 User logged out.
.05-Aug-2018 20:33:49.67 
 >>>>>> 
 >>>>>> Test in progress: test_C2_CheckTransportAdded
 >>>>>>
05-Aug-2018 20:33:51.25 Logging at address: dev.rooser.co.uk
05-Aug-2018 20:33:53.28 User admin@rooser.co.uk logged in.
E05-Aug-2018 20:33:56.20 >>>>>> Test execution done, tearDown

E05-Aug-2018 20:33:56.83 User logged out.
05-Aug-2018 20:33:56.95 
 >>>>>> 
 >>>>>> Test in progress: test_C3_CheckTransportEdited
 >>>>>>
05-Aug-2018 20:33:58.55 Logging at address: dev.rooser.co.uk
05-Aug-2018 20:34:00.76 User admin@rooser.co.uk logged in.
E05-Aug-2018 20:34:03.57 >>>>>> Test execution done, tearDown

E05-Aug-2018 20:34:04.20 User logged out.
05-Aug-2018 20:34:04.32 
 >>>>>> 
 >>>>>> Test in progress: test_C4_CheckTransportRemoved
 >>>>>>
05-Aug-2018 20:34:05.90 Logging at address: dev.rooser.co.uk
05-Aug-2018 20:34:08.11 User admin@rooser.co.uk logged in.
E05-Aug-2018 20:34:10.90 >>>>>> Test execution done, tearDown

05-Aug-2018 20:34:11.41 User logged out.
05-Aug-2018 20:34:11.48 
 >>>>>> 
 >>>>>> Test in progress: test_C5_CheckNoTransportNameValidation
 >>>>>>
05-Aug-2018 20:34:13.08 Logging at address: dev.rooser.co.uk
05-Aug-2018 20:34:15.22 User admin@rooser.co.uk logged in.
E05-Aug-2018 20:34:18.22 >>>>>> Test execution done, tearDown

05-Aug-2018 20:34:18.72 User logged out.
05-Aug-2018 20:34:18.84 
 >>>>>> 
 >>>>>> Test in progress: test_C6_CheckIncorrecMinWeightValidation
 >>>>>>
05-Aug-2018 20:34:20.43 Logging at address: dev.rooser.co.uk
05-Aug-2018 20:34:22.57 User admin@rooser.co.uk logged in.
E05-Aug-2018 20:34:25.57 >>>>>> Test execution done, tearDown

05-Aug-2018 20:34:26.09 User logged out.
05-Aug-2018 20:34:26.21 
 >>>>>> 
 >>>>>> Test in progress: test_C8_CheckIncorrectTransportNameValidation
 >>>>>>
05-Aug-2018 20:34:27.81 Logging at address: dev.rooser.co.uk
05-Aug-2018 20:34:30.00 User admin@rooser.co.uk logged in.
E05-Aug-2018 20:34:33.01 >>>>>> Test execution done, tearDown

05-Aug-2018 20:34:33.52 User logged out.
05-Aug-2018 20:34:33.63 
 >>>>>> 
 >>>>>> Test in progress: test_C9_CheckNewTransportRightDetails
 >>>>>>
05-Aug-2018 20:34:35.23 Logging at address: dev.rooser.co.uk
05-Aug-2018 20:34:37.35 User admin@rooser.co.uk logged in.
E05-Aug-2018 20:34:40.16 >>>>>> Test execution done, tearDown

E05-Aug-2018 20:34:40.81 User logged out.
05-Aug-2018 20:34:40.93 
 >>>>>> 
 >>>>>> Test in progress: test_C72830_CheckAnalysisPageDisplayedCorrectly
 >>>>>>
05-Aug-2018 20:34:42.53 Logging at address: dev.rooser.co.uk
05-Aug-2018 20:34:44.39 User admin@rooser.co.uk logged in.
E05-Aug-2018 20:34:47.13 >>>>>> Test execution done, tearDown

05-Aug-2018 20:34:47.57 User logged out.

======================================================================
ERROR: test_C1_CheckTansportsPageDisplayedCorrectly (SmokeSuiteAccountSettings.SmokeTestAccountSettings)
----------------------------------------------------------------------
Traceback (most recent call last):
  File "/afs/inf.ed.ac.uk/user/s12/s1211898/askThomas/automationRooserMsp/Tests/SmokeSuiteAccountSettings.py", line 18, in setUp
    self.account_details_page = self.switch_to_account_details_page()
  File "/afs/inf.ed.ac.uk/user/s12/s1211898/askThomas/automationRooserMsp/Tests/SmokeSuiteAccountSettings.py", line 25, in switch_to_account_details_page
    account_settings_page.account_details_button.click()
  File "/afs/inf.ed.ac.uk/user/s12/s1211898/askThomas/automationRooserMsp/TestPages/AccountSettingsPage.py", line 22, in account_details_button
    return CTAButton(self.webdriver, By.CSS_SELECTOR, 'li>.nav-link', index=21)
  File "/afs/inf.ed.ac.uk/user/s12/s1211898/askThomas/automationRooserMsp/TestPages/TestPageObjects/CTAButton.py", line 53, in __init__
    self.element = self.web_driver_find.find_all(by_type, value)[index]
IndexError: list index out of range

======================================================================
ERROR: test_C105_CheckNoDuplicateEntriesAllowed (SmokeSuiteTransports.SmokeTestTransports)
----------------------------------------------------------------------
Traceback (most recent call last):
  File "/afs/inf.ed.ac.uk/user/s12/s1211898/askThomas/automationRooserMsp/Tests/SmokeSuiteTransports.py", line 213, in test_C105_CheckNoDuplicateEntriesAllowed
    self.transports_page.add_entry(transport_name, weight, shipping)
  File "/afs/inf.ed.ac.uk/user/s12/s1211898/askThomas/automationRooserMsp/TestPages/TransportsPage.py", line 35, in add_entry
    add_dialog.add_entry(name, weight, shipping)
AttributeError: 'TransportsAddDialog' object has no attribute 'add_entry'

======================================================================
ERROR: test_C10_CheckTransportDetailsThenEdit (SmokeSuiteTransports.SmokeTestTransports)
----------------------------------------------------------------------
Traceback (most recent call last):
  File "/afs/inf.ed.ac.uk/user/s12/s1211898/askThomas/automationRooserMsp/Tests/SmokeSuiteTransports.py", line 126, in test_C10_CheckTransportDetailsThenEdit
    self.transports_page.add_entry(transport_name, weight, shipping)
  File "/afs/inf.ed.ac.uk/user/s12/s1211898/askThomas/automationRooserMsp/TestPages/TransportsPage.py", line 35, in add_entry
    add_dialog.add_entry(name, weight, shipping)
AttributeError: 'TransportsAddDialog' object has no attribute 'add_entry'

======================================================================
ERROR: test_C10_CheckTransportDetailsThenEdit (SmokeSuiteTransports.SmokeTestTransports)
----------------------------------------------------------------------
Traceback (most recent call last):
  File "/afs/inf.ed.ac.uk/user/s12/s1211898/askThomas/automationRooserMsp/TestPages/TransportsPage.py", line 49, in remove_entry
    row = self.table.get_row_for_field_value(HeadersTransports.Name, name)
  File "/afs/inf.ed.ac.uk/user/s12/s1211898/askThomas/automationRooserMsp/TestPages/TransportsPage.py", line 62, in table
    return BaseTable(self.webdriver, table_type=TableType.with_details_type)
NameError: global name 'TableType' is not defined

======================================================================
ERROR: test_C11_CheckTransportDetailsThenDelete (SmokeSuiteTransports.SmokeTestTransports)
----------------------------------------------------------------------
Traceback (most recent call last):
  File "/afs/inf.ed.ac.uk/user/s12/s1211898/askThomas/automationRooserMsp/Tests/SmokeSuiteTransports.py", line 146, in test_C11_CheckTransportDetailsThenDelete
    self.transports_page.add_entry(transport_name, weight, shipping)
  File "/afs/inf.ed.ac.uk/user/s12/s1211898/askThomas/automationRooserMsp/TestPages/TransportsPage.py", line 35, in add_entry
    add_dialog.add_entry(name, weight, shipping)
AttributeError: 'TransportsAddDialog' object has no attribute 'add_entry'

======================================================================
ERROR: test_C2_CheckTransportAdded (SmokeSuiteTransports.SmokeTestTransports)
----------------------------------------------------------------------
Traceback (most recent call last):
  File "/afs/inf.ed.ac.uk/user/s12/s1211898/askThomas/automationRooserMsp/Tests/SmokeSuiteTransports.py", line 41, in test_C2_CheckTransportAdded
    self.transports_page.add_entry(transport_name, weight, shipping)
  File "/afs/inf.ed.ac.uk/user/s12/s1211898/askThomas/automationRooserMsp/TestPages/TransportsPage.py", line 35, in add_entry
    add_dialog.add_entry(name, weight, shipping)
AttributeError: 'TransportsAddDialog' object has no attribute 'add_entry'

======================================================================
ERROR: test_C2_CheckTransportAdded (SmokeSuiteTransports.SmokeTestTransports)
----------------------------------------------------------------------
Traceback (most recent call last):
  File "/afs/inf.ed.ac.uk/user/s12/s1211898/askThomas/automationRooserMsp/TestPages/TransportsPage.py", line 49, in remove_entry
    row = self.table.get_row_for_field_value(HeadersTransports.Name, name)
  File "/afs/inf.ed.ac.uk/user/s12/s1211898/askThomas/automationRooserMsp/TestPages/TransportsPage.py", line 62, in table
    return BaseTable(self.webdriver, table_type=TableType.with_details_type)
NameError: global name 'TableType' is not defined

======================================================================
ERROR: test_C3_CheckTransportEdited (SmokeSuiteTransports.SmokeTestTransports)
----------------------------------------------------------------------
Traceback (most recent call last):
  File "/afs/inf.ed.ac.uk/user/s12/s1211898/askThomas/automationRooserMsp/Tests/SmokeSuiteTransports.py", line 63, in test_C3_CheckTransportEdited
    self.transports_page.add_entry(transport_name, weight, shipping)
  File "/afs/inf.ed.ac.uk/user/s12/s1211898/askThomas/automationRooserMsp/TestPages/TransportsPage.py", line 35, in add_entry
    add_dialog.add_entry(name, weight, shipping)
AttributeError: 'TransportsAddDialog' object has no attribute 'add_entry'

======================================================================
ERROR: test_C3_CheckTransportEdited (SmokeSuiteTransports.SmokeTestTransports)
----------------------------------------------------------------------
Traceback (most recent call last):
  File "/afs/inf.ed.ac.uk/user/s12/s1211898/askThomas/automationRooserMsp/TestPages/TransportsPage.py", line 49, in remove_entry
    row = self.table.get_row_for_field_value(HeadersTransports.Name, name)
  File "/afs/inf.ed.ac.uk/user/s12/s1211898/askThomas/automationRooserMsp/TestPages/TransportsPage.py", line 62, in table
    return BaseTable(self.webdriver, table_type=TableType.with_details_type)
NameError: global name 'TableType' is not defined

======================================================================
ERROR: test_C4_CheckTransportRemoved (SmokeSuiteTransports.SmokeTestTransports)
----------------------------------------------------------------------
Traceback (most recent call last):
  File "/afs/inf.ed.ac.uk/user/s12/s1211898/askThomas/automationRooserMsp/Tests/SmokeSuiteTransports.py", line 80, in test_C4_CheckTransportRemoved
    self.transports_page.add_entry(transport_name, weight, shipping)
  File "/afs/inf.ed.ac.uk/user/s12/s1211898/askThomas/automationRooserMsp/TestPages/TransportsPage.py", line 35, in add_entry
    add_dialog.add_entry(name, weight, shipping)
AttributeError: 'TransportsAddDialog' object has no attribute 'add_entry'

======================================================================
ERROR: test_C5_CheckNoTransportNameValidation (SmokeSuiteTransports.SmokeTestTransports)
----------------------------------------------------------------------
Traceback (most recent call last):
  File "/afs/inf.ed.ac.uk/user/s12/s1211898/askThomas/automationRooserMsp/Tests/SmokeSuiteTransports.py", line 164, in test_C5_CheckNoTransportNameValidation
    add_dialog.name.click()
AttributeError: 'TransportsPage' object has no attribute 'name'

======================================================================
ERROR: test_C6_CheckIncorrecMinWeightValidation (SmokeSuiteTransports.SmokeTestTransports)
----------------------------------------------------------------------
Traceback (most recent call last):
  File "/afs/inf.ed.ac.uk/user/s12/s1211898/askThomas/automationRooserMsp/Tests/SmokeSuiteTransports.py", line 196, in test_C6_CheckIncorrecMinWeightValidation
    add_dialog.minimum_weight.send_keys(weight)
AttributeError: 'TransportsPage' object has no attribute 'minimum_weight'

======================================================================
ERROR: test_C8_CheckIncorrectTransportNameValidation (SmokeSuiteTransports.SmokeTestTransports)
----------------------------------------------------------------------
Traceback (most recent call last):
  File "/afs/inf.ed.ac.uk/user/s12/s1211898/askThomas/automationRooserMsp/Tests/SmokeSuiteTransports.py", line 180, in test_C8_CheckIncorrectTransportNameValidation
    add_dialog.name.send_keys(transport_name)
AttributeError: 'TransportsPage' object has no attribute 'name'

======================================================================
ERROR: test_C9_CheckNewTransportRightDetails (SmokeSuiteTransports.SmokeTestTransports)
----------------------------------------------------------------------
Traceback (most recent call last):
  File "/afs/inf.ed.ac.uk/user/s12/s1211898/askThomas/automationRooserMsp/Tests/SmokeSuiteTransports.py", line 102, in test_C9_CheckNewTransportRightDetails
    self.transports_page.add_entry(transport_name, weight, shipping)
  File "/afs/inf.ed.ac.uk/user/s12/s1211898/askThomas/automationRooserMsp/TestPages/TransportsPage.py", line 35, in add_entry
    add_dialog.add_entry(name, weight, shipping)
AttributeError: 'TransportsAddDialog' object has no attribute 'add_entry'

======================================================================
ERROR: test_C9_CheckNewTransportRightDetails (SmokeSuiteTransports.SmokeTestTransports)
----------------------------------------------------------------------
Traceback (most recent call last):
  File "/afs/inf.ed.ac.uk/user/s12/s1211898/askThomas/automationRooserMsp/TestPages/TransportsPage.py", line 49, in remove_entry
    row = self.table.get_row_for_field_value(HeadersTransports.Name, name)
  File "/afs/inf.ed.ac.uk/user/s12/s1211898/askThomas/automationRooserMsp/TestPages/TransportsPage.py", line 62, in table
    return BaseTable(self.webdriver, table_type=TableType.with_details_type)
NameError: global name 'TableType' is not defined

======================================================================
ERROR: test_C72830_CheckAnalysisPageDisplayedCorrectly (SmokeSuiteDashboard.SmokeTestDashboard)
----------------------------------------------------------------------
Traceback (most recent call last):
  File "/afs/inf.ed.ac.uk/user/s12/s1211898/askThomas/automationRooserMsp/Tests/SmokeSuiteDashboard.py", line 28, in test_C72830_CheckAnalysisPageDisplayedCorrectly
    self.assertEqual(title, self.analysis_page.page_title)
AttributeError: 'SmokeTestDashboard' object has no attribute 'analysis_page'

----------------------------------------------------------------------
Ran 13 tests in 93.429s

FAILED (errors=16)
05-Aug-2018 20:34:47.64 <<<<<<<<<<<<<<<<Test run - Smoke complete!>>>>>>>>>>>>>>>>
