05-Aug-2018 22:51:10.98 
 >>>>>> 
 >>>>>> Test in progress: test_C105_CheckNoDuplicateEntriesAllowed
 >>>>>>
05-Aug-2018 22:51:12.62 Logging at address: dev.rooser.co.uk
05-Aug-2018 22:51:14.85 User admin@rooser.co.uk logged in.
05-Aug-2018 22:51:18.55 Transport created.
05-Aug-2018 22:51:19.95 Transport created.
E05-Aug-2018 22:51:20.15 >>>>>> Test execution done, tearDown

05-Aug-2018 22:51:20.62 User logged out.
05-Aug-2018 22:51:20.70 
 >>>>>> 
 >>>>>> Test in progress: test_C10_CheckTransportDetailsThenEdit
 >>>>>>
05-Aug-2018 22:51:22.32 Logging at address: dev.rooser.co.uk
05-Aug-2018 22:51:24.45 User admin@rooser.co.uk logged in.
05-Aug-2018 22:51:28.25 Transport created.
E05-Aug-2018 22:51:30.32 >>>>>> Test execution done, tearDown

E05-Aug-2018 22:51:31.34 User logged out.
05-Aug-2018 22:51:31.43 
 >>>>>> 
 >>>>>> Test in progress: test_C11_CheckTransportDetailsThenDelete
 >>>>>>
05-Aug-2018 22:51:33.07 Logging at address: dev.rooser.co.uk
05-Aug-2018 22:51:35.33 User admin@rooser.co.uk logged in.
05-Aug-2018 22:51:39.05 Transport created.
E05-Aug-2018 22:51:40.60 >>>>>> Test execution done, tearDown

05-Aug-2018 22:51:41.13 User logged out.
05-Aug-2018 22:51:41.25 
 >>>>>> 
 >>>>>> Test in progress: test_C1_CheckTansportsPageDisplayedCorrectly
 >>>>>>
05-Aug-2018 22:51:42.94 Logging at address: dev.rooser.co.uk
05-Aug-2018 22:51:46.22 User admin@rooser.co.uk logged in.
05-Aug-2018 22:51:48.66 >>>>>> Test execution done, tearDown

05-Aug-2018 22:51:49.27 User logged out.
.05-Aug-2018 22:51:49.39 
 >>>>>> 
 >>>>>> Test in progress: test_C2_CheckTransportAdded
 >>>>>>
05-Aug-2018 22:51:51.11 Logging at address: dev.rooser.co.uk
05-Aug-2018 22:51:53.44 User admin@rooser.co.uk logged in.
05-Aug-2018 22:51:57.36 Transport created.
05-Aug-2018 22:51:57.84 >>>>>> Test execution done, tearDown

05-Aug-2018 22:51:58.98 Transport deleted.
05-Aug-2018 22:51:59.55 User logged out.
.05-Aug-2018 22:51:59.67 
 >>>>>> 
 >>>>>> Test in progress: test_C3_CheckTransportEdited
 >>>>>>
05-Aug-2018 22:52:01.36 Logging at address: dev.rooser.co.uk
05-Aug-2018 22:52:03.75 User admin@rooser.co.uk logged in.
05-Aug-2018 22:52:07.68 Transport created.
E05-Aug-2018 22:52:08.08 >>>>>> Test execution done, tearDown

E05-Aug-2018 22:52:08.80 User logged out.
05-Aug-2018 22:52:08.91 
 >>>>>> 
 >>>>>> Test in progress: test_C4_CheckTransportRemoved
 >>>>>>
05-Aug-2018 22:52:10.66 Logging at address: dev.rooser.co.uk
05-Aug-2018 22:52:12.64 User admin@rooser.co.uk logged in.
05-Aug-2018 22:52:22.84 Transport created.
05-Aug-2018 22:52:24.06 Transport deleted.
05-Aug-2018 22:52:24.17 >>>>>> Test execution done, tearDown

05-Aug-2018 22:52:24.63 User logged out.
.05-Aug-2018 22:52:24.75 
 >>>>>> 
 >>>>>> Test in progress: test_C5_CheckNoTransportNameValidation
 >>>>>>
05-Aug-2018 22:52:26.46 Logging at address: dev.rooser.co.uk
05-Aug-2018 22:52:28.78 User admin@rooser.co.uk logged in.
05-Aug-2018 22:52:31.61 Making an attempt to check for notification: This field is required
05-Aug-2018 22:52:51.96 >>>>>> Test execution done, tearDown

05-Aug-2018 22:52:52.53 User logged out.
.05-Aug-2018 22:52:52.65 
 >>>>>> 
 >>>>>> Test in progress: test_C6_CheckIncorrecMinWeightValidation
 >>>>>>
05-Aug-2018 22:52:54.40 Logging at address: dev.rooser.co.uk
05-Aug-2018 22:52:56.55 User admin@rooser.co.uk logged in.
05-Aug-2018 22:52:59.65 Making an attempt to check for notification: Please enter a value greater than or equal to 0
05-Aug-2018 22:53:19.84 >>>>>> Test execution done, tearDown

05-Aug-2018 22:53:20.37 User logged out.
.05-Aug-2018 22:53:20.44 
 >>>>>> 
 >>>>>> Test in progress: test_C8_CheckIncorrectTransportNameValidation
 >>>>>>
05-Aug-2018 22:53:22.02 Logging at address: dev.rooser.co.uk
05-Aug-2018 22:53:24.17 User admin@rooser.co.uk logged in.
05-Aug-2018 22:53:26.92 Making an attempt to check for notification: Please enter a name with 3-30 characters
05-Aug-2018 22:53:47.17 >>>>>> Test execution done, tearDown

05-Aug-2018 22:53:47.80 User logged out.
.05-Aug-2018 22:53:47.98 
 >>>>>> 
 >>>>>> Test in progress: test_C9_CheckNewTransportRightDetails
 >>>>>>
05-Aug-2018 22:53:49.65 Logging at address: dev.rooser.co.uk
05-Aug-2018 22:53:52.03 User admin@rooser.co.uk logged in.
05-Aug-2018 22:53:56.01 Transport created.
05-Aug-2018 22:53:56.55 >>>>>> Test execution done, tearDown

E05-Aug-2018 22:53:57.27 User logged out.

======================================================================
ERROR: test_C105_CheckNoDuplicateEntriesAllowed (SmokeSuiteTransports.SmokeTestTransports)
----------------------------------------------------------------------
Traceback (most recent call last):
  File "/afs/inf.ed.ac.uk/user/s12/s1211898/askThomas/automationRooserMsp/Tests/SmokeSuiteTransports.py", line 217, in test_C105_CheckNoDuplicateEntriesAllowed
    message_dialog = MessageDialog(self.driver)
  File "/afs/inf.ed.ac.uk/user/s12/s1211898/askThomas/automationRooserMsp/TestPages/TestDialogs/MessageDialog.py", line 12, in __init__
    self.element = web_driver_find.find_all(by_type=By.CSS_SELECTOR, value='.ajs-message')[web_element_index]
IndexError: list index out of range

======================================================================
ERROR: test_C10_CheckTransportDetailsThenEdit (SmokeSuiteTransports.SmokeTestTransports)
----------------------------------------------------------------------
Traceback (most recent call last):
  File "/afs/inf.ed.ac.uk/user/s12/s1211898/askThomas/automationRooserMsp/Tests/SmokeSuiteTransports.py", line 132, in test_C10_CheckTransportDetailsThenEdit
    check_dialog.edit_entry(transport_name_edited, weight_edited, shipping_edited)
  File "/afs/inf.ed.ac.uk/user/s12/s1211898/askThomas/automationRooserMsp/TestPages/TestDialogs/TransportsCheckDialog.py", line 33, in edit_entry
    PrintMessage('Transport edited.')
NameError: global name 'PrintMessage' is not defined

======================================================================
ERROR: test_C10_CheckTransportDetailsThenEdit (SmokeSuiteTransports.SmokeTestTransports)
----------------------------------------------------------------------
Traceback (most recent call last):
  File "/afs/inf.ed.ac.uk/user/s12/s1211898/askThomas/automationRooserMsp/TestPages/TransportsPage.py", line 52, in remove_entry
    row = self.table.get_row_for_field_value(HeadersTransports.Name, name)
  File "/afs/inf.ed.ac.uk/user/s12/s1211898/askThomas/automationRooserMsp/TestPages/TestPageObjects/Table/BaseTable.py", line 77, in get_row_for_field_value
    if row[column_name] == field_value:
  File "/afs/inf.ed.ac.uk/user/s12/s1211898/askThomas/automationRooserMsp/TestPages/TestPageObjects/Table/TableRow.py", line 23, in __getitem__
    return self.fields[index].text
  File "/afs/inf.ed.ac.uk/user/s12/s1211898/askThomas/automationRooserMsp/TestPages/TestPageObjects/Table/TableRowField.py", line 10, in text
    return self._row_element.text
  File "/afs/inf.ed.ac.uk/user/s12/s1211898/miniconda3/envs/automationRooser/lib/python2.7/site-packages/selenium/webdriver/remote/webelement.py", line 76, in text
    return self._execute(Command.GET_ELEMENT_TEXT)['value']
  File "/afs/inf.ed.ac.uk/user/s12/s1211898/miniconda3/envs/automationRooser/lib/python2.7/site-packages/selenium/webdriver/remote/webelement.py", line 628, in _execute
    return self._parent.execute(command, params)
  File "/afs/inf.ed.ac.uk/user/s12/s1211898/miniconda3/envs/automationRooser/lib/python2.7/site-packages/selenium/webdriver/remote/webdriver.py", line 320, in execute
    self.error_handler.check_response(response)
  File "/afs/inf.ed.ac.uk/user/s12/s1211898/miniconda3/envs/automationRooser/lib/python2.7/site-packages/selenium/webdriver/remote/errorhandler.py", line 242, in check_response
    raise exception_class(message, screen, stacktrace)
StaleElementReferenceException: Message: stale element reference: element is not attached to the page document
  (Session info: chrome=67.0.3396.99)
  (Driver info: chromedriver=2.40.565383 (76257d1ab79276b2d53ee976b2c3e3b9f335cde7),platform=Linux 3.10.0-693.21.1.el7.x86_64 x86_64)


======================================================================
ERROR: test_C11_CheckTransportDetailsThenDelete (SmokeSuiteTransports.SmokeTestTransports)
----------------------------------------------------------------------
Traceback (most recent call last):
  File "/afs/inf.ed.ac.uk/user/s12/s1211898/askThomas/automationRooserMsp/Tests/SmokeSuiteTransports.py", line 152, in test_C11_CheckTransportDetailsThenDelete
    check_dialog.remove_entry(transport_name)
  File "/afs/inf.ed.ac.uk/user/s12/s1211898/askThomas/automationRooserMsp/TestPages/TestDialogs/TransportsCheckDialog.py", line 42, in remove_entry
    PrintMessage('Transport deleted.')
NameError: global name 'PrintMessage' is not defined

======================================================================
ERROR: test_C3_CheckTransportEdited (SmokeSuiteTransports.SmokeTestTransports)
----------------------------------------------------------------------
Traceback (most recent call last):
  File "/afs/inf.ed.ac.uk/user/s12/s1211898/askThomas/automationRooserMsp/Tests/SmokeSuiteTransports.py", line 65, in test_C3_CheckTransportEdited
    self.transports_page.edit_entry(transport_name_edited, weight_edited, shipping_edited)
  File "/afs/inf.ed.ac.uk/user/s12/s1211898/askThomas/automationRooserMsp/TestPages/TransportsPage.py", line 44, in edit_entry
    row.edit_row_item.click()
AttributeError: 'str' object has no attribute 'edit_row_item'

======================================================================
ERROR: test_C3_CheckTransportEdited (SmokeSuiteTransports.SmokeTestTransports)
----------------------------------------------------------------------
Traceback (most recent call last):
  File "/afs/inf.ed.ac.uk/user/s12/s1211898/askThomas/automationRooserMsp/TestPages/TransportsPage.py", line 53, in remove_entry
    self.delete_row(row)
  File "/afs/inf.ed.ac.uk/user/s12/s1211898/askThomas/automationRooserMsp/TestPages/TransportsPage.py", line 57, in delete_row
    row.delete_row_item.click()
AttributeError: 'NoneType' object has no attribute 'delete_row_item'

======================================================================
ERROR: test_C9_CheckNewTransportRightDetails (SmokeSuiteTransports.SmokeTestTransports)
----------------------------------------------------------------------
Traceback (most recent call last):
  File "/afs/inf.ed.ac.uk/user/s12/s1211898/askThomas/automationRooserMsp/TestPages/TransportsPage.py", line 52, in remove_entry
    row = self.table.get_row_for_field_value(HeadersTransports.Name, name)
  File "/afs/inf.ed.ac.uk/user/s12/s1211898/askThomas/automationRooserMsp/TestPages/TestPageObjects/Table/BaseTable.py", line 76, in get_row_for_field_value
    for row in self.rows:
  File "/afs/inf.ed.ac.uk/user/s12/s1211898/askThomas/automationRooserMsp/TestPages/TestPageObjects/Table/BaseTable.py", line 50, in rows
    all_rows = self.get_raw_rows()
  File "/afs/inf.ed.ac.uk/user/s12/s1211898/askThomas/automationRooserMsp/TestPages/TestPageObjects/Table/BaseTable.py", line 26, in get_raw_rows
    return self.table_element.find_elements_by_css_selector('tr')
  File "/afs/inf.ed.ac.uk/user/s12/s1211898/askThomas/automationRooserMsp/TestPages/TestPageObjects/Table/BaseTable.py", line 31, in table_element
    return self.web_driver_find.find_all(By.CSS_SELECTOR, '.react-bs-table')[self.table_index]
IndexError: list index out of range

----------------------------------------------------------------------
Ran 11 tests in 166.415s

FAILED (errors=7)
05-Aug-2018 22:53:57.40 <<<<<<<<<<<<<<<<Test run - Smoke complete!>>>>>>>>>>>>>>>>
