27-Aug-2018 13:28:17.53 
 >>>>>> 
 >>>>>> Test in progress: test_C153_CheckSaleAddedTransportThatDeliversToCustomersWithNoMinWeight
 >>>>>>
27-Aug-2018 13:28:19.24 Logging at address: dev.rooser.co.uk
27-Aug-2018 13:28:21.84 User admin@rooser.co.uk logged in.
27-Aug-2018 13:28:27.30 Customer created.
27-Aug-2018 13:28:29.29 Transport created.
27-Aug-2018 13:28:31.82 Product created.
E27-Aug-2018 13:28:42.91 >>>>>> Test execution done, tearDown

27-Aug-2018 13:28:43.47 User logged out.

======================================================================
ERROR: test_C153_CheckSaleAddedTransportThatDeliversToCustomersWithNoMinWeight (SmokeSuiteSales.SmokeTestSales)
----------------------------------------------------------------------
Traceback (most recent call last):
  File "/afs/inf.ed.ac.uk/user/s12/s1211898/askThomas/automationRooserMsp/Tests/SmokeSuiteSales.py", line 68, in test_C153_CheckSaleAddedTransportThatDeliversToCustomersWithNoMinWeight
    sale_page.add_entry(self.customer_name, self.transport_name, self.product_name, cut, quantity, weight, price)
  File "/afs/inf.ed.ac.uk/user/s12/s1211898/askThomas/automationRooserMsp/TestPages/SalesAllPage.py", line 37, in add_entry
    add_dialog = SalesAllAddDialog(self.webdriver)
  File "/afs/inf.ed.ac.uk/user/s12/s1211898/askThomas/automationRooserMsp/TestPages/TestDialogs/SalesAllAddDialog.py", line 18, in __init__
    self.wait()
  File "/afs/inf.ed.ac.uk/user/s12/s1211898/askThomas/automationRooserMsp/TestPages/TestDialogs/SalesAllAddDialog.py", line 22, in wait
    WebDriverWait(self.webdriver, 10).until(add_dialog)
  File "/afs/inf.ed.ac.uk/user/s12/s1211898/miniconda3/envs/automationRooser/lib/python2.7/site-packages/selenium/webdriver/support/wait.py", line 80, in until
    raise TimeoutException(message, screen, stacktrace)
TimeoutException: Message: 


----------------------------------------------------------------------
Ran 1 test in 26.113s

FAILED (errors=1)
27-Aug-2018 13:28:43.64 <<<<<<<<<<<<<<<<Test run - Smoke complete!>>>>>>>>>>>>>>>>
