05-Aug-2018 21:54:16.32 
 >>>>>> 
 >>>>>> Test in progress: test_C1_CheckTansportsPageDisplayedCorrectly
 >>>>>>
05-Aug-2018 21:54:17.90 Logging at address: dev.rooser.co.uk
05-Aug-2018 21:54:20.22 User admin@rooser.co.uk logged in.
E05-Aug-2018 21:54:23.10 User logged out.
05-Aug-2018 21:54:23.21 
 >>>>>> 
 >>>>>> Test in progress: test_C105_CheckNoDuplicateEntriesAllowed
 >>>>>>
05-Aug-2018 21:54:24.82 Logging at address: dev.rooser.co.uk
05-Aug-2018 21:54:27.08 User admin@rooser.co.uk logged in.
E05-Aug-2018 21:54:31.04 >>>>>> Test execution done, tearDown

05-Aug-2018 21:54:31.57 User logged out.
05-Aug-2018 21:54:31.66 
 >>>>>> 
 >>>>>> Test in progress: test_C10_CheckTransportDetailsThenEdit
 >>>>>>
05-Aug-2018 21:54:33.26 Logging at address: dev.rooser.co.uk
05-Aug-2018 21:54:35.40 User admin@rooser.co.uk logged in.
E05-Aug-2018 21:54:39.38 >>>>>> Test execution done, tearDown

E05-Aug-2018 21:54:40.14 User logged out.
05-Aug-2018 21:54:40.26 
 >>>>>> 
 >>>>>> Test in progress: test_C11_CheckTransportDetailsThenDelete
 >>>>>>
05-Aug-2018 21:54:41.87 Logging at address: dev.rooser.co.uk
05-Aug-2018 21:54:44.15 User admin@rooser.co.uk logged in.
E05-Aug-2018 21:54:48.15 >>>>>> Test execution done, tearDown

05-Aug-2018 21:54:48.65 User logged out.
05-Aug-2018 21:54:48.82 
 >>>>>> 
 >>>>>> Test in progress: test_C1_CheckTansportsPageDisplayedCorrectly
 >>>>>>
05-Aug-2018 21:54:50.42 Logging at address: dev.rooser.co.uk
05-Aug-2018 21:54:52.41 User admin@rooser.co.uk logged in.
05-Aug-2018 21:54:54.97 >>>>>> Test execution done, tearDown

05-Aug-2018 21:54:55.51 User logged out.
.05-Aug-2018 21:54:55.61 
 >>>>>> 
 >>>>>> Test in progress: test_C2_CheckTransportAdded
 >>>>>>
05-Aug-2018 21:54:57.20 Logging at address: dev.rooser.co.uk
05-Aug-2018 21:54:59.42 User admin@rooser.co.uk logged in.
E05-Aug-2018 21:55:03.49 >>>>>> Test execution done, tearDown

E05-Aug-2018 21:55:04.21 User logged out.
05-Aug-2018 21:55:04.33 
 >>>>>> 
 >>>>>> Test in progress: test_C3_CheckTransportEdited
 >>>>>>
05-Aug-2018 21:55:05.93 Logging at address: dev.rooser.co.uk
05-Aug-2018 21:55:08.94 User admin@rooser.co.uk logged in.
E05-Aug-2018 21:55:12.94 >>>>>> Test execution done, tearDown

E05-Aug-2018 21:55:13.70 User logged out.
05-Aug-2018 21:55:13.82 
 >>>>>> 
 >>>>>> Test in progress: test_C4_CheckTransportRemoved
 >>>>>>
05-Aug-2018 21:55:15.41 Logging at address: dev.rooser.co.uk
05-Aug-2018 21:55:17.74 User admin@rooser.co.uk logged in.
E05-Aug-2018 21:55:21.74 >>>>>> Test execution done, tearDown

05-Aug-2018 21:55:22.23 User logged out.
05-Aug-2018 21:55:22.35 
 >>>>>> 
 >>>>>> Test in progress: test_C5_CheckNoTransportNameValidation
 >>>>>>
05-Aug-2018 21:55:23.95 Logging at address: dev.rooser.co.uk
05-Aug-2018 21:55:26.11 User admin@rooser.co.uk logged in.
05-Aug-2018 21:55:28.98 Making an attempt to check for notification: This field is required
05-Aug-2018 21:55:49.22 >>>>>> Test execution done, tearDown

05-Aug-2018 21:55:49.78 User logged out.
.05-Aug-2018 21:55:49.90 
 >>>>>> 
 >>>>>> Test in progress: test_C6_CheckIncorrecMinWeightValidation
 >>>>>>
05-Aug-2018 21:55:51.50 Logging at address: dev.rooser.co.uk
05-Aug-2018 21:55:53.59 User admin@rooser.co.uk logged in.
05-Aug-2018 21:55:56.57 Making an attempt to check for notification: Please enter a value greater than or equal to 0
05-Aug-2018 21:56:16.83 >>>>>> Test execution done, tearDown

05-Aug-2018 21:56:17.42 User logged out.
.05-Aug-2018 21:56:17.50 
 >>>>>> 
 >>>>>> Test in progress: test_C8_CheckIncorrectTransportNameValidation
 >>>>>>
05-Aug-2018 21:56:19.08 Logging at address: dev.rooser.co.uk
05-Aug-2018 21:56:21.30 User admin@rooser.co.uk logged in.
05-Aug-2018 21:56:24.16 Making an attempt to check for notification: Please enter a name with 3-30 characters
05-Aug-2018 21:56:44.43 >>>>>> Test execution done, tearDown

05-Aug-2018 21:56:45.01 User logged out.
.05-Aug-2018 21:56:45.07 
 >>>>>> 
 >>>>>> Test in progress: test_C9_CheckNewTransportRightDetails
 >>>>>>
05-Aug-2018 21:56:46.77 Logging at address: dev.rooser.co.uk
05-Aug-2018 21:56:48.98 User admin@rooser.co.uk logged in.
E05-Aug-2018 21:56:52.98 >>>>>> Test execution done, tearDown

E05-Aug-2018 21:56:53.70 User logged out.

======================================================================
ERROR: test_C1_CheckTansportsPageDisplayedCorrectly (SmokeSuiteAccountSettings.SmokeTestAccountSettings)
----------------------------------------------------------------------
Traceback (most recent call last):
  File "/afs/inf.ed.ac.uk/user/s12/s1211898/askThomas/automationRooserMsp/Tests/SmokeSuiteAccountSettings.py", line 18, in setUp
    self.account_details_page = self.switch_to_account_details_page()
  File "/afs/inf.ed.ac.uk/user/s12/s1211898/askThomas/automationRooserMsp/Tests/SmokeSuiteAccountSettings.py", line 25, in switch_to_account_details_page
    account_settings_page.account_details_button.click()
  File "/afs/inf.ed.ac.uk/user/s12/s1211898/askThomas/automationRooserMsp/TestPages/AccountSettingsPage.py", line 22, in account_details_button
    return CTAButton(self.webdriver, By.CSS_SELECTOR, 'li>.nav-link', index=21)
  File "/afs/inf.ed.ac.uk/user/s12/s1211898/askThomas/automationRooserMsp/TestPages/TestPageObjects/CTAButton.py", line 53, in __init__
    self.element = self.web_driver_find.find_all(by_type, value)[index]
IndexError: list index out of range

======================================================================
ERROR: test_C105_CheckNoDuplicateEntriesAllowed (SmokeSuiteTransports.SmokeTestTransports)
----------------------------------------------------------------------
Traceback (most recent call last):
  File "/afs/inf.ed.ac.uk/user/s12/s1211898/askThomas/automationRooserMsp/Tests/SmokeSuiteTransports.py", line 213, in test_C105_CheckNoDuplicateEntriesAllowed
    self.transports_page.add_entry(transport_name, weight, shipping)
  File "/afs/inf.ed.ac.uk/user/s12/s1211898/askThomas/automationRooserMsp/TestPages/TransportsPage.py", line 39, in add_entry
    PrintMessage('Transport created.')
NameError: global name 'PrintMessage' is not defined

======================================================================
ERROR: test_C10_CheckTransportDetailsThenEdit (SmokeSuiteTransports.SmokeTestTransports)
----------------------------------------------------------------------
Traceback (most recent call last):
  File "/afs/inf.ed.ac.uk/user/s12/s1211898/askThomas/automationRooserMsp/Tests/SmokeSuiteTransports.py", line 126, in test_C10_CheckTransportDetailsThenEdit
    self.transports_page.add_entry(transport_name, weight, shipping)
  File "/afs/inf.ed.ac.uk/user/s12/s1211898/askThomas/automationRooserMsp/TestPages/TransportsPage.py", line 39, in add_entry
    PrintMessage('Transport created.')
NameError: global name 'PrintMessage' is not defined

======================================================================
ERROR: test_C10_CheckTransportDetailsThenEdit (SmokeSuiteTransports.SmokeTestTransports)
----------------------------------------------------------------------
Traceback (most recent call last):
  File "/afs/inf.ed.ac.uk/user/s12/s1211898/askThomas/automationRooserMsp/TestPages/TransportsPage.py", line 50, in remove_entry
    row = self.table.get_row_for_field_value(HeadersTransports.Name, name)
  File "/afs/inf.ed.ac.uk/user/s12/s1211898/askThomas/automationRooserMsp/TestPages/TestPageObjects/Table/BaseTable.py", line 77, in get_row_for_field_value
    if row[column_name] == field_value:
  File "/afs/inf.ed.ac.uk/user/s12/s1211898/askThomas/automationRooserMsp/TestPages/TestPageObjects/Table/TableRow.py", line 22, in __getitem__
    index = self._row_headers.index(column_name)
ValueError: 'Name' is not in list

======================================================================
ERROR: test_C11_CheckTransportDetailsThenDelete (SmokeSuiteTransports.SmokeTestTransports)
----------------------------------------------------------------------
Traceback (most recent call last):
  File "/afs/inf.ed.ac.uk/user/s12/s1211898/askThomas/automationRooserMsp/Tests/SmokeSuiteTransports.py", line 146, in test_C11_CheckTransportDetailsThenDelete
    self.transports_page.add_entry(transport_name, weight, shipping)
  File "/afs/inf.ed.ac.uk/user/s12/s1211898/askThomas/automationRooserMsp/TestPages/TransportsPage.py", line 39, in add_entry
    PrintMessage('Transport created.')
NameError: global name 'PrintMessage' is not defined

======================================================================
ERROR: test_C2_CheckTransportAdded (SmokeSuiteTransports.SmokeTestTransports)
----------------------------------------------------------------------
Traceback (most recent call last):
  File "/afs/inf.ed.ac.uk/user/s12/s1211898/askThomas/automationRooserMsp/Tests/SmokeSuiteTransports.py", line 41, in test_C2_CheckTransportAdded
    self.transports_page.add_entry(transport_name, weight, shipping)
  File "/afs/inf.ed.ac.uk/user/s12/s1211898/askThomas/automationRooserMsp/TestPages/TransportsPage.py", line 39, in add_entry
    PrintMessage('Transport created.')
NameError: global name 'PrintMessage' is not defined

======================================================================
ERROR: test_C2_CheckTransportAdded (SmokeSuiteTransports.SmokeTestTransports)
----------------------------------------------------------------------
Traceback (most recent call last):
  File "/afs/inf.ed.ac.uk/user/s12/s1211898/askThomas/automationRooserMsp/TestPages/TransportsPage.py", line 50, in remove_entry
    row = self.table.get_row_for_field_value(HeadersTransports.Name, name)
  File "/afs/inf.ed.ac.uk/user/s12/s1211898/askThomas/automationRooserMsp/TestPages/TestPageObjects/Table/BaseTable.py", line 77, in get_row_for_field_value
    if row[column_name] == field_value:
  File "/afs/inf.ed.ac.uk/user/s12/s1211898/askThomas/automationRooserMsp/TestPages/TestPageObjects/Table/TableRow.py", line 22, in __getitem__
    index = self._row_headers.index(column_name)
ValueError: 'Name' is not in list

======================================================================
ERROR: test_C3_CheckTransportEdited (SmokeSuiteTransports.SmokeTestTransports)
----------------------------------------------------------------------
Traceback (most recent call last):
  File "/afs/inf.ed.ac.uk/user/s12/s1211898/askThomas/automationRooserMsp/Tests/SmokeSuiteTransports.py", line 63, in test_C3_CheckTransportEdited
    self.transports_page.add_entry(transport_name, weight, shipping)
  File "/afs/inf.ed.ac.uk/user/s12/s1211898/askThomas/automationRooserMsp/TestPages/TransportsPage.py", line 39, in add_entry
    PrintMessage('Transport created.')
NameError: global name 'PrintMessage' is not defined

======================================================================
ERROR: test_C3_CheckTransportEdited (SmokeSuiteTransports.SmokeTestTransports)
----------------------------------------------------------------------
Traceback (most recent call last):
  File "/afs/inf.ed.ac.uk/user/s12/s1211898/askThomas/automationRooserMsp/TestPages/TransportsPage.py", line 50, in remove_entry
    row = self.table.get_row_for_field_value(HeadersTransports.Name, name)
  File "/afs/inf.ed.ac.uk/user/s12/s1211898/askThomas/automationRooserMsp/TestPages/TestPageObjects/Table/BaseTable.py", line 77, in get_row_for_field_value
    if row[column_name] == field_value:
  File "/afs/inf.ed.ac.uk/user/s12/s1211898/askThomas/automationRooserMsp/TestPages/TestPageObjects/Table/TableRow.py", line 22, in __getitem__
    index = self._row_headers.index(column_name)
ValueError: 'Name' is not in list

======================================================================
ERROR: test_C4_CheckTransportRemoved (SmokeSuiteTransports.SmokeTestTransports)
----------------------------------------------------------------------
Traceback (most recent call last):
  File "/afs/inf.ed.ac.uk/user/s12/s1211898/askThomas/automationRooserMsp/Tests/SmokeSuiteTransports.py", line 80, in test_C4_CheckTransportRemoved
    self.transports_page.add_entry(transport_name, weight, shipping)
  File "/afs/inf.ed.ac.uk/user/s12/s1211898/askThomas/automationRooserMsp/TestPages/TransportsPage.py", line 39, in add_entry
    PrintMessage('Transport created.')
NameError: global name 'PrintMessage' is not defined

======================================================================
ERROR: test_C9_CheckNewTransportRightDetails (SmokeSuiteTransports.SmokeTestTransports)
----------------------------------------------------------------------
Traceback (most recent call last):
  File "/afs/inf.ed.ac.uk/user/s12/s1211898/askThomas/automationRooserMsp/Tests/SmokeSuiteTransports.py", line 102, in test_C9_CheckNewTransportRightDetails
    self.transports_page.add_entry(transport_name, weight, shipping)
  File "/afs/inf.ed.ac.uk/user/s12/s1211898/askThomas/automationRooserMsp/TestPages/TransportsPage.py", line 39, in add_entry
    PrintMessage('Transport created.')
NameError: global name 'PrintMessage' is not defined

======================================================================
ERROR: test_C9_CheckNewTransportRightDetails (SmokeSuiteTransports.SmokeTestTransports)
----------------------------------------------------------------------
Traceback (most recent call last):
  File "/afs/inf.ed.ac.uk/user/s12/s1211898/askThomas/automationRooserMsp/TestPages/TransportsPage.py", line 50, in remove_entry
    row = self.table.get_row_for_field_value(HeadersTransports.Name, name)
  File "/afs/inf.ed.ac.uk/user/s12/s1211898/askThomas/automationRooserMsp/TestPages/TestPageObjects/Table/BaseTable.py", line 77, in get_row_for_field_value
    if row[column_name] == field_value:
  File "/afs/inf.ed.ac.uk/user/s12/s1211898/askThomas/automationRooserMsp/TestPages/TestPageObjects/Table/TableRow.py", line 22, in __getitem__
    index = self._row_headers.index(column_name)
ValueError: 'Name' is not in list

----------------------------------------------------------------------
Ran 12 tests in 157.514s

FAILED (errors=12)
05-Aug-2018 21:56:53.83 <<<<<<<<<<<<<<<<Test run - Smoke complete!>>>>>>>>>>>>>>>>
