23-Aug-2018 06:36:24.38 
 >>>>>> 
 >>>>>> Test in progress: test_C126_CheckSalesOverviewPageDisplayedCorrectly
 >>>>>>
23-Aug-2018 06:36:26.00 Logging at address: dev.rooser.co.uk
23-Aug-2018 06:36:28.29 User admin@rooser.co.uk logged in.
E23-Aug-2018 06:36:31.44 >>>>>> Test execution done, tearDown

23-Aug-2018 06:36:31.92 User logged out.
23-Aug-2018 06:36:32.03 
 >>>>>> 
 >>>>>> Test in progress: test_C129_CheckSalesAllPageDisplayedCorrectly
 >>>>>>
23-Aug-2018 06:36:33.64 Logging at address: dev.rooser.co.uk
23-Aug-2018 06:36:35.76 User admin@rooser.co.uk logged in.
F23-Aug-2018 06:36:39.10 >>>>>> Test execution done, tearDown

23-Aug-2018 06:36:39.60 User logged out.

======================================================================
ERROR: test_C126_CheckSalesOverviewPageDisplayedCorrectly (SmokeSuiteSales.SmokeTestSales)
----------------------------------------------------------------------
Traceback (most recent call last):
  File "/afs/inf.ed.ac.uk/user/s12/s1211898/askThomas/automationRooserMsp/Tests/SmokeSuiteSales.py", line 28, in test_C126_CheckSalesOverviewPageDisplayedCorrectly
    self.assertEqual(title_average, self.overview_page.title_average)
  File "/afs/inf.ed.ac.uk/user/s12/s1211898/askThomas/automationRooserMsp/TestPages/SalesOverviewPage.py", line 31, in title_average
    return InvariableField(self.webdriver, by_type=By.CSS_SELECTOR, value="div.row:nth-child(1) > div > div > .card-header > strong").get_html()
  File "/afs/inf.ed.ac.uk/user/s12/s1211898/askThomas/automationRooserMsp/TestPages/TestPageObjects/InvariableField.py", line 8, in __init__
    self.element = web_driver_find.find_all(by_type, value)[index]
IndexError: list index out of range

======================================================================
FAIL: test_C129_CheckSalesAllPageDisplayedCorrectly (SmokeSuiteSales.SmokeTestSales)
----------------------------------------------------------------------
Traceback (most recent call last):
  File "/afs/inf.ed.ac.uk/user/s12/s1211898/askThomas/automationRooserMsp/Tests/SmokeSuiteSales.py", line 43, in test_C129_CheckSalesAllPageDisplayedCorrectly
    self.assertEqual(subtitle, self.all_page.subtitle)
AssertionError: 'Manage sales orders, add new ones or cancel. 0 of 0 orders' != u'<!-- react-text: 443 -->Manage sales orders, add new ones or cancel. <!-- /react-text --><!-- react-text: 595 -->0<!-- /react-text --><!-- react-text: 444 --> of <!-- /react-text --><!-- react-text: 596 -->0<!-- /react-text --><!-- react-text: 445 --> orders<!-- /react-text -->'

----------------------------------------------------------------------
Ran 2 tests in 15.332s

FAILED (failures=1, errors=1)
23-Aug-2018 06:36:39.72 <<<<<<<<<<<<<<<<Test run - Smoke complete!>>>>>>>>>>>>>>>>
