07-Aug-2018 01:54:02.66 
 >>>>>> 
 >>>>>> Test in progress: test_C54_CheckSpeciesPageDisplayedCorrectly
 >>>>>>
07-Aug-2018 01:54:04.25 Logging at address: dev.rooser.co.uk
07-Aug-2018 01:54:06.51 User admin@rooser.co.uk logged in.
07-Aug-2018 01:54:08.87 >>>>>> Test execution done, tearDown

07-Aug-2018 01:54:09.37 User logged out.
.07-Aug-2018 01:54:09.45 
 >>>>>> 
 >>>>>> Test in progress: test_C55_CheckSpeciesAdded
 >>>>>>
07-Aug-2018 01:54:11.05 Logging at address: dev.rooser.co.uk
07-Aug-2018 01:54:13.24 User admin@rooser.co.uk logged in.
07-Aug-2018 01:54:16.73 Species created.
07-Aug-2018 01:54:16.85 >>>>>> Test execution done, tearDown

07-Aug-2018 01:54:17.84 Species deleted.
07-Aug-2018 01:54:18.29 User logged out.
.07-Aug-2018 01:54:18.38 
 >>>>>> 
 >>>>>> Test in progress: test_C56_CheckSpeciesEdited
 >>>>>>
07-Aug-2018 01:54:19.98 Logging at address: dev.rooser.co.uk
07-Aug-2018 01:54:22.16 User admin@rooser.co.uk logged in.
07-Aug-2018 01:54:25.72 Species created.
E07-Aug-2018 01:54:26.20 >>>>>> Test execution done, tearDown

E07-Aug-2018 01:54:26.86 User logged out.
07-Aug-2018 01:54:26.97 
 >>>>>> 
 >>>>>> Test in progress: test_C57_CheckSpeciesRemoved
 >>>>>>
07-Aug-2018 01:54:28.57 Logging at address: dev.rooser.co.uk
07-Aug-2018 01:54:30.75 User admin@rooser.co.uk logged in.
07-Aug-2018 01:54:34.29 Species created.
07-Aug-2018 01:54:35.34 Species deleted.
E07-Aug-2018 01:54:35.53 >>>>>> Test execution done, tearDown

07-Aug-2018 01:54:36.01 User logged out.

======================================================================
ERROR: test_C56_CheckSpeciesEdited (SmokeSuiteSpecies.SmokeTestSpecies)
----------------------------------------------------------------------
Traceback (most recent call last):
  File "/afs/inf.ed.ac.uk/user/s12/s1211898/askThomas/automationRooserMsp/Tests/SmokeSuiteSpecies.py", line 53, in test_C56_CheckSpeciesEdited
    self.species_page.edit_entry(species_row, species_name_edited)
  File "/afs/inf.ed.ac.uk/user/s12/s1211898/askThomas/automationRooserMsp/TestPages/SpeciesPage.py", line 46, in edit_entry
    edit_dialog.edit_and_confirm(name)
  File "/afs/inf.ed.ac.uk/user/s12/s1211898/askThomas/automationRooserMsp/TestPages/TestDialogs/SpeciesEditDialog.py", line 21, in edit_and_confirm
    self.name.send_keys(name)
  File "/afs/inf.ed.ac.uk/user/s12/s1211898/askThomas/automationRooserMsp/TestPages/TestDialogs/SpeciesEditDialog.py", line 26, in name
    return EditField(self.webdriver)
  File "/afs/inf.ed.ac.uk/user/s12/s1211898/askThomas/automationRooserMsp/TestPages/TestPageObjects/EditField.py", line 10, in __init__
    self.element = web_driver_find.find_all(by_type, value)[index]
IndexError: list index out of range

======================================================================
ERROR: test_C56_CheckSpeciesEdited (SmokeSuiteSpecies.SmokeTestSpecies)
----------------------------------------------------------------------
Traceback (most recent call last):
  File "/afs/inf.ed.ac.uk/user/s12/s1211898/askThomas/automationRooserMsp/TestPages/SpeciesPage.py", line 53, in remove_entry
    row = self.table.get_row_for_field_value(TableHeaders.Name, name)
  File "/afs/inf.ed.ac.uk/user/s12/s1211898/askThomas/automationRooserMsp/TestPages/TestPageObjects/Table/BaseTable.py", line 76, in get_row_for_field_value
    for row in self.rows:
  File "/afs/inf.ed.ac.uk/user/s12/s1211898/askThomas/automationRooserMsp/TestPages/TestPageObjects/Table/BaseTable.py", line 50, in rows
    all_rows = self.get_raw_rows()
  File "/afs/inf.ed.ac.uk/user/s12/s1211898/askThomas/automationRooserMsp/TestPages/TestPageObjects/Table/BaseTable.py", line 26, in get_raw_rows
    return self.table_element.find_elements_by_css_selector('tr')
  File "/afs/inf.ed.ac.uk/user/s12/s1211898/askThomas/automationRooserMsp/TestPages/TestPageObjects/Table/BaseTable.py", line 31, in table_element
    return self.web_driver_find.find_all(By.CSS_SELECTOR, '.react-bs-table')[self.table_index]
IndexError: list index out of range

======================================================================
ERROR: test_C57_CheckSpeciesRemoved (SmokeSuiteSpecies.SmokeTestSpecies)
----------------------------------------------------------------------
Traceback (most recent call last):
  File "/afs/inf.ed.ac.uk/user/s12/s1211898/askThomas/automationRooserMsp/Tests/SmokeSuiteSpecies.py", line 72, in test_C57_CheckSpeciesRemoved
    self.assertEqual(no_species_message, species_page.empty_text)
NameError: global name 'species_page' is not defined

----------------------------------------------------------------------
Ran 4 tests in 33.469s

FAILED (errors=3)
07-Aug-2018 01:54:36.13 <<<<<<<<<<<<<<<<Test run - Smoke complete!>>>>>>>>>>>>>>>>
