23-Aug-2018 06:46:38.81 
 >>>>>> 
 >>>>>> Test in progress: test_C126_CheckSalesOverviewPageDisplayedCorrectly
 >>>>>>
23-Aug-2018 06:46:40.43 Logging at address: dev.rooser.co.uk
23-Aug-2018 06:46:42.70 User admin@rooser.co.uk logged in.
E23-Aug-2018 06:46:45.95 >>>>>> Test execution done, tearDown

23-Aug-2018 06:46:46.45 User logged out.
23-Aug-2018 06:46:46.53 
 >>>>>> 
 >>>>>> Test in progress: test_C129_CheckSalesAllPageDisplayedCorrectly
 >>>>>>
23-Aug-2018 06:46:48.12 Logging at address: dev.rooser.co.uk
23-Aug-2018 06:46:50.37 User admin@rooser.co.uk logged in.
23-Aug-2018 06:46:53.45 >>>>>> Test execution done, tearDown

23-Aug-2018 06:46:53.92 User logged out.
.23-Aug-2018 06:46:53.99 
 >>>>>> 
 >>>>>> Test in progress: test_C72_CheckCategoriesPageDisplayedCorrectly
 >>>>>>
23-Aug-2018 06:46:55.61 Logging at address: dev.rooser.co.uk
23-Aug-2018 06:46:57.81 User admin@rooser.co.uk logged in.
23-Aug-2018 06:47:00.16 >>>>>> Test execution done, tearDown

23-Aug-2018 06:47:00.70 User logged out.
.
======================================================================
ERROR: test_C126_CheckSalesOverviewPageDisplayedCorrectly (SmokeSuiteSales.SmokeTestSales)
----------------------------------------------------------------------
Traceback (most recent call last):
  File "/afs/inf.ed.ac.uk/user/s12/s1211898/askThomas/automationRooserMsp/Tests/SmokeSuiteSales.py", line 28, in test_C126_CheckSalesOverviewPageDisplayedCorrectly
    self.assertEqual(title_average, self.overview_page.title_average)
  File "/afs/inf.ed.ac.uk/user/s12/s1211898/askThomas/automationRooserMsp/TestPages/SalesOverviewPage.py", line 31, in title_average
    return InvariableField(self.webdriver, by_type=By.CSS_SELECTOR, value="div.row:nth-child(1) > div > div > .card-header > strong").get_html()
  File "/afs/inf.ed.ac.uk/user/s12/s1211898/askThomas/automationRooserMsp/TestPages/TestPageObjects/InvariableField.py", line 8, in __init__
    self.element = web_driver_find.find_all(by_type, value)[index]
IndexError: list index out of range

----------------------------------------------------------------------
Ran 3 tests in 21.952s

FAILED (errors=1)
23-Aug-2018 06:47:00.77 <<<<<<<<<<<<<<<<Test run - Smoke complete!>>>>>>>>>>>>>>>>
