23-Aug-2018 06:09:49.36 
 >>>>>> 
 >>>>>> Test in progress: test_C124_CheckDispatchOverviewPageDisplayedCorrectly
 >>>>>>
23-Aug-2018 06:09:50.98 Logging at address: dev.rooser.co.uk
23-Aug-2018 06:09:53.18 User admin@rooser.co.uk logged in.
E23-Aug-2018 06:09:56.17 >>>>>> Test execution done, tearDown

23-Aug-2018 06:09:56.67 User logged out.
23-Aug-2018 06:09:56.79 
 >>>>>> 
 >>>>>> Test in progress: test_C125_CheckDispatchAllPageDisplayedCorrectly
 >>>>>>
23-Aug-2018 06:09:58.40 Logging at address: dev.rooser.co.uk
23-Aug-2018 06:10:00.60 User admin@rooser.co.uk logged in.
23-Aug-2018 06:10:03.42 >>>>>> Test execution done, tearDown

23-Aug-2018 06:10:03.94 User logged out.
.
======================================================================
ERROR: test_C124_CheckDispatchOverviewPageDisplayedCorrectly (SmokeSuiteDispatch.SmokeTestDispatch)
----------------------------------------------------------------------
Traceback (most recent call last):
  File "/afs/inf.ed.ac.uk/user/s12/s1211898/askThomas/automationRooserMsp/Tests/SmokeSuiteDispatch.py", line 25, in test_C124_CheckDispatchOverviewPageDisplayedCorrectly
    self.assertEqual(title_summary, self.overview_page.title_summary)
  File "/afs/inf.ed.ac.uk/user/s12/s1211898/askThomas/automationRooserMsp/TestPages/DispatchOverviewPage.py", line 41, in title_summary
    return InvariableField(self.webdriver, by_type=By.CSS_SELECTOR, value="div.row:nth-child(1) > div > div > .card-header > strong").get_html()
  File "/afs/inf.ed.ac.uk/user/s12/s1211898/askThomas/automationRooserMsp/TestPages/TestPageObjects/InvariableField.py", line 8, in __init__
    self.element = web_driver_find.find_all(by_type, value)[index]
IndexError: list index out of range

----------------------------------------------------------------------
Ran 2 tests in 14.689s

FAILED (errors=1)
23-Aug-2018 06:10:04.05 <<<<<<<<<<<<<<<<Test run - Smoke complete!>>>>>>>>>>>>>>>>
