07-Aug-2018 02:20:22.83 
 >>>>>> 
 >>>>>> Test in progress: test_C56_CheckSpeciesEdited
 >>>>>>
07-Aug-2018 02:20:24.44 Logging at address: dev.rooser.co.uk
07-Aug-2018 02:20:26.64 User admin@rooser.co.uk logged in.
07-Aug-2018 02:20:30.20 Species created.
E07-Aug-2018 02:20:30.71 >>>>>> Test execution done, tearDown

07-Aug-2018 02:20:31.21 User logged out.

======================================================================
ERROR: test_C56_CheckSpeciesEdited (SmokeSuiteSpecies.SmokeTestSpecies)
----------------------------------------------------------------------
Traceback (most recent call last):
  File "/afs/inf.ed.ac.uk/user/s12/s1211898/askThomas/automationRooserMsp/Tests/SmokeSuiteSpecies.py", line 30, in test_C56_CheckSpeciesEdited
    self.species_page.edit_entry(species_row, species_name_edited)
  File "/afs/inf.ed.ac.uk/user/s12/s1211898/askThomas/automationRooserMsp/TestPages/SpeciesPage.py", line 46, in edit_entry
    edit_dialog.edit_and_confirm(name)
  File "/afs/inf.ed.ac.uk/user/s12/s1211898/askThomas/automationRooserMsp/TestPages/TestDialogs/SpeciesEditDialog.py", line 21, in edit_and_confirm
    self.name.clear()
  File "/afs/inf.ed.ac.uk/user/s12/s1211898/askThomas/automationRooserMsp/TestPages/TestDialogs/SpeciesEditDialog.py", line 27, in name
    return EditField(self.webdriver)
  File "/afs/inf.ed.ac.uk/user/s12/s1211898/askThomas/automationRooserMsp/TestPages/TestPageObjects/EditField.py", line 10, in __init__
    self.element = web_driver_find.find_all(by_type, value)[index]
IndexError: list index out of range

----------------------------------------------------------------------
Ran 1 test in 8.499s

FAILED (errors=1)
07-Aug-2018 02:20:31.33 <<<<<<<<<<<<<<<<Test run - Smoke complete!>>>>>>>>>>>>>>>>
