27-Aug-2018 15:13:47.01 
 >>>>>> 
 >>>>>> Test in progress: test_C153_CheckSaleAddedTransportThatDeliversToCustomersWithNoMinWeight
 >>>>>>
27-Aug-2018 15:13:48.64 Logging at address: dev.rooser.co.uk
27-Aug-2018 15:13:51.06 User admin@rooser.co.uk logged in.
27-Aug-2018 15:13:58.19 Customer created.
27-Aug-2018 15:13:59.79 Transport created.
27-Aug-2018 15:14:01.72 Product created.
E27-Aug-2018 15:14:05.40 >>>>>> Test execution done, tearDown

27-Aug-2018 15:14:05.83 User logged out.

======================================================================
ERROR: test_C153_CheckSaleAddedTransportThatDeliversToCustomersWithNoMinWeight (SmokeSuiteSales.SmokeTestSales)
----------------------------------------------------------------------
Traceback (most recent call last):
  File "/afs/inf.ed.ac.uk/user/s12/s1211898/askThomas/automationRooserMsp/Tests/SmokeSuiteSales.py", line 68, in test_C153_CheckSaleAddedTransportThatDeliversToCustomersWithNoMinWeight
    sale_page.add_entry(self.customer_name, self.transport_name, self.product_name, cut, quantity, weight, price)
  File "/afs/inf.ed.ac.uk/user/s12/s1211898/askThomas/automationRooserMsp/TestPages/SalesAllPage.py", line 38, in add_entry
    add_dialog.add_entry_and_save(customer, transport, product, cut, quantity, weight, price)
  File "/afs/inf.ed.ac.uk/user/s12/s1211898/askThomas/automationRooserMsp/TestPages/TestDialogs/SalesAllAddDialog.py", line 31, in add_entry_and_save
    add_dialog.add_entry_and_save(transport, property, cut, quantity, weight, price)
  File "/afs/inf.ed.ac.uk/user/s12/s1211898/askThomas/automationRooserMsp/TestPages/TestDialogs/SalesAllDialogSecond.py", line 29, in add_entry_and_save
    self.new_sale.click()
  File "/afs/inf.ed.ac.uk/user/s12/s1211898/askThomas/automationRooserMsp/TestPages/TestDialogs/SalesAllDialogSecond.py", line 39, in new_sale
    return InvariableField(self.webdriver, value='h2')
TypeError: __init__() takes at least 4 arguments (3 given)

----------------------------------------------------------------------
Ran 1 test in 18.940s

FAILED (errors=1)
27-Aug-2018 15:14:05.95 <<<<<<<<<<<<<<<<Test run - Smoke complete!>>>>>>>>>>>>>>>>
