05-Aug-2018 22:11:07.52 
 >>>>>> 
 >>>>>> Test in progress: test_C1_CheckTansportsPageDisplayedCorrectly
 >>>>>>
05-Aug-2018 22:11:09.27 Logging at address: dev.rooser.co.uk
05-Aug-2018 22:11:11.52 User admin@rooser.co.uk logged in.
E05-Aug-2018 22:11:14.42 User logged out.
05-Aug-2018 22:11:14.54 
 >>>>>> 
 >>>>>> Test in progress: test_C105_CheckNoDuplicateEntriesAllowed
 >>>>>>
05-Aug-2018 22:11:16.17 Logging at address: dev.rooser.co.uk
05-Aug-2018 22:11:18.37 User admin@rooser.co.uk logged in.
05-Aug-2018 22:11:22.32 Transport created.
05-Aug-2018 22:11:23.92 Transport created.
E05-Aug-2018 22:11:24.09 >>>>>> Test execution done, tearDown

05-Aug-2018 22:11:24.63 User logged out.
05-Aug-2018 22:11:24.75 
 >>>>>> 
 >>>>>> Test in progress: test_C10_CheckTransportDetailsThenEdit
 >>>>>>
05-Aug-2018 22:11:26.34 Logging at address: dev.rooser.co.uk
05-Aug-2018 22:11:28.51 User admin@rooser.co.uk logged in.
05-Aug-2018 22:11:32.39 Transport created.
E05-Aug-2018 22:11:34.17 >>>>>> Test execution done, tearDown

E05-Aug-2018 22:11:34.83 User logged out.
05-Aug-2018 22:11:34.95 
 >>>>>> 
 >>>>>> Test in progress: test_C11_CheckTransportDetailsThenDelete
 >>>>>>
05-Aug-2018 22:11:36.55 Logging at address: dev.rooser.co.uk
05-Aug-2018 22:11:38.66 User admin@rooser.co.uk logged in.
05-Aug-2018 22:11:42.50 Transport created.
E05-Aug-2018 22:11:44.29 >>>>>> Test execution done, tearDown

05-Aug-2018 22:11:44.77 User logged out.
05-Aug-2018 22:11:44.86 
 >>>>>> 
 >>>>>> Test in progress: test_C1_CheckTansportsPageDisplayedCorrectly
 >>>>>>
05-Aug-2018 22:11:46.47 Logging at address: dev.rooser.co.uk
05-Aug-2018 22:11:48.66 User admin@rooser.co.uk logged in.
05-Aug-2018 22:11:51.14 >>>>>> Test execution done, tearDown

05-Aug-2018 22:11:51.70 User logged out.
.05-Aug-2018 22:11:51.82 
 >>>>>> 
 >>>>>> Test in progress: test_C2_CheckTransportAdded
 >>>>>>
05-Aug-2018 22:11:53.41 Logging at address: dev.rooser.co.uk
05-Aug-2018 22:11:55.61 User admin@rooser.co.uk logged in.
05-Aug-2018 22:12:01.60 Transport created.
F05-Aug-2018 22:12:03.42 >>>>>> Test execution done, tearDown

E05-Aug-2018 22:12:15.67 User logged out.
05-Aug-2018 22:12:15.79 
 >>>>>> 
 >>>>>> Test in progress: test_C3_CheckTransportEdited
 >>>>>>
05-Aug-2018 22:12:17.39 Logging at address: dev.rooser.co.uk
05-Aug-2018 22:12:19.57 User admin@rooser.co.uk logged in.
05-Aug-2018 22:12:23.40 Transport created.
E05-Aug-2018 22:12:25.07 >>>>>> Test execution done, tearDown

E05-Aug-2018 22:12:26.36 User logged out.
05-Aug-2018 22:12:26.47 
 >>>>>> 
 >>>>>> Test in progress: test_C4_CheckTransportRemoved
 >>>>>>
05-Aug-2018 22:12:28.06 Logging at address: dev.rooser.co.uk
05-Aug-2018 22:12:30.25 User admin@rooser.co.uk logged in.
05-Aug-2018 22:12:34.16 Transport created.
E05-Aug-2018 22:13:05.81 >>>>>> Test execution done, tearDown

E05-Aug-2018 22:13:35.66 
 >>>>>> 
 >>>>>> Test in progress: test_C5_CheckNoTransportNameValidation
 >>>>>>
05-Aug-2018 22:13:37.31 Logging at address: dev.rooser.co.uk
05-Aug-2018 22:13:39.49 User admin@rooser.co.uk logged in.
05-Aug-2018 22:13:42.39 Making an attempt to check for notification: This field is required
05-Aug-2018 22:14:02.83 >>>>>> Test execution done, tearDown

05-Aug-2018 22:14:03.51 User logged out.
.05-Aug-2018 22:14:03.64 
 >>>>>> 
 >>>>>> Test in progress: test_C6_CheckIncorrecMinWeightValidation
 >>>>>>
05-Aug-2018 22:14:05.40 Logging at address: dev.rooser.co.uk
05-Aug-2018 22:14:07.89 User admin@rooser.co.uk logged in.
05-Aug-2018 22:14:10.83 Making an attempt to check for notification: Please enter a value greater than or equal to 0
05-Aug-2018 22:14:31.23 >>>>>> Test execution done, tearDown

05-Aug-2018 22:14:31.92 User logged out.
.05-Aug-2018 22:14:32.04 
 >>>>>> 
 >>>>>> Test in progress: test_C8_CheckIncorrectTransportNameValidation
 >>>>>>
05-Aug-2018 22:14:33.73 Logging at address: dev.rooser.co.uk
05-Aug-2018 22:14:35.92 User admin@rooser.co.uk logged in.
05-Aug-2018 22:14:38.72 Making an attempt to check for notification: Please enter a name with 3-30 characters
05-Aug-2018 22:14:59.07 >>>>>> Test execution done, tearDown

05-Aug-2018 22:14:59.74 User logged out.
.05-Aug-2018 22:14:59.85 
 >>>>>> 
 >>>>>> Test in progress: test_C9_CheckNewTransportRightDetails
 >>>>>>
05-Aug-2018 22:15:01.59 Logging at address: dev.rooser.co.uk
05-Aug-2018 22:15:03.84 User admin@rooser.co.uk logged in.
05-Aug-2018 22:15:07.75 Transport created.
F05-Aug-2018 22:15:08.43 >>>>>> Test execution done, tearDown

E05-Aug-2018 22:15:09.18 User logged out.

======================================================================
ERROR: test_C1_CheckTansportsPageDisplayedCorrectly (SmokeSuiteAccountSettings.SmokeTestAccountSettings)
----------------------------------------------------------------------
Traceback (most recent call last):
  File "/afs/inf.ed.ac.uk/user/s12/s1211898/askThomas/automationRooserMsp/Tests/SmokeSuiteAccountSettings.py", line 18, in setUp
    self.account_details_page = self.switch_to_account_details_page()
  File "/afs/inf.ed.ac.uk/user/s12/s1211898/askThomas/automationRooserMsp/Tests/SmokeSuiteAccountSettings.py", line 25, in switch_to_account_details_page
    account_settings_page.account_details_button.click()
  File "/afs/inf.ed.ac.uk/user/s12/s1211898/askThomas/automationRooserMsp/TestPages/AccountSettingsPage.py", line 22, in account_details_button
    return CTAButton(self.webdriver, By.CSS_SELECTOR, 'li>.nav-link', index=21)
  File "/afs/inf.ed.ac.uk/user/s12/s1211898/askThomas/automationRooserMsp/TestPages/TestPageObjects/CTAButton.py", line 53, in __init__
    self.element = self.web_driver_find.find_all(by_type, value)[index]
IndexError: list index out of range

======================================================================
ERROR: test_C105_CheckNoDuplicateEntriesAllowed (SmokeSuiteTransports.SmokeTestTransports)
----------------------------------------------------------------------
Traceback (most recent call last):
  File "/afs/inf.ed.ac.uk/user/s12/s1211898/askThomas/automationRooserMsp/Tests/SmokeSuiteTransports.py", line 217, in test_C105_CheckNoDuplicateEntriesAllowed
    message_dialog = MessageDialog(self.driver)
  File "/afs/inf.ed.ac.uk/user/s12/s1211898/askThomas/automationRooserMsp/TestPages/TestDialogs/MessageDialog.py", line 12, in __init__
    self.element = web_driver_find.find_all(by_type=By.CSS_SELECTOR, value='.ajs-message')[web_element_index]
IndexError: list index out of range

======================================================================
ERROR: test_C10_CheckTransportDetailsThenEdit (SmokeSuiteTransports.SmokeTestTransports)
----------------------------------------------------------------------
Traceback (most recent call last):
  File "/afs/inf.ed.ac.uk/user/s12/s1211898/askThomas/automationRooserMsp/Tests/SmokeSuiteTransports.py", line 132, in test_C10_CheckTransportDetailsThenEdit
    check_dialog.edit_entry(transport_name_edited, weight_edited, shipping_edited)
  File "/afs/inf.ed.ac.uk/user/s12/s1211898/askThomas/automationRooserMsp/TestPages/TestDialogs/TransportsCheckDialog.py", line 27, in edit_entry
    self.edit_entry.click()
AttributeError: 'function' object has no attribute 'click'

======================================================================
ERROR: test_C10_CheckTransportDetailsThenEdit (SmokeSuiteTransports.SmokeTestTransports)
----------------------------------------------------------------------
Traceback (most recent call last):
  File "/afs/inf.ed.ac.uk/user/s12/s1211898/askThomas/automationRooserMsp/TestPages/TransportsPage.py", line 52, in remove_entry
    row = self.table.get_row_for_field_value(HeadersTransports.Name, name)
  File "/afs/inf.ed.ac.uk/user/s12/s1211898/askThomas/automationRooserMsp/TestPages/TestPageObjects/Table/BaseTable.py", line 76, in get_row_for_field_value
    for row in self.rows:
  File "/afs/inf.ed.ac.uk/user/s12/s1211898/askThomas/automationRooserMsp/TestPages/TestPageObjects/Table/BaseTable.py", line 50, in rows
    all_rows = self.get_raw_rows()
  File "/afs/inf.ed.ac.uk/user/s12/s1211898/askThomas/automationRooserMsp/TestPages/TestPageObjects/Table/BaseTable.py", line 26, in get_raw_rows
    return self.table_element.find_elements_by_css_selector('tr')
  File "/afs/inf.ed.ac.uk/user/s12/s1211898/askThomas/automationRooserMsp/TestPages/TestPageObjects/Table/BaseTable.py", line 31, in table_element
    return self.web_driver_find.find_all(By.CSS_SELECTOR, '.react-bs-table')[self.table_index]
IndexError: list index out of range

======================================================================
ERROR: test_C11_CheckTransportDetailsThenDelete (SmokeSuiteTransports.SmokeTestTransports)
----------------------------------------------------------------------
Traceback (most recent call last):
  File "/afs/inf.ed.ac.uk/user/s12/s1211898/askThomas/automationRooserMsp/Tests/SmokeSuiteTransports.py", line 152, in test_C11_CheckTransportDetailsThenDelete
    check_dialog.delete_entry(transport_name)
AttributeError: 'TransportsCheckDialog' object has no attribute 'delete_entry'

======================================================================
ERROR: test_C2_CheckTransportAdded (SmokeSuiteTransports.SmokeTestTransports)
----------------------------------------------------------------------
Traceback (most recent call last):
  File "/afs/inf.ed.ac.uk/user/s12/s1211898/askThomas/automationRooserMsp/TestPages/TransportsPage.py", line 53, in remove_entry
    self.delete_row(row)
  File "/afs/inf.ed.ac.uk/user/s12/s1211898/askThomas/automationRooserMsp/TestPages/TransportsPage.py", line 61, in delete_row
    confirmation_dialog.ok_button.click()
  File "/afs/inf.ed.ac.uk/user/s12/s1211898/askThomas/automationRooserMsp/TestPages/TestDialogs/ConfirmationMessageDialog.py", line 24, in ok_button
    return CTAButton(self.web_element, By.CSS_SELECTOR, ".btn.btn-lg.btn-primary")
  File "/afs/inf.ed.ac.uk/user/s12/s1211898/askThomas/automationRooserMsp/TestPages/TestPageObjects/CTAButton.py", line 53, in __init__
    self.element = self.web_driver_find.find_all(by_type, value)[index]
IndexError: list index out of range

======================================================================
ERROR: test_C3_CheckTransportEdited (SmokeSuiteTransports.SmokeTestTransports)
----------------------------------------------------------------------
Traceback (most recent call last):
  File "/afs/inf.ed.ac.uk/user/s12/s1211898/askThomas/automationRooserMsp/Tests/SmokeSuiteTransports.py", line 65, in test_C3_CheckTransportEdited
    self.transports_page.edit_entry(transport_name_edited, weight_edited, shipping_edited)
  File "/afs/inf.ed.ac.uk/user/s12/s1211898/askThomas/automationRooserMsp/TestPages/TransportsPage.py", line 44, in edit_entry
    row.edit_row_item.click()
AttributeError: 'str' object has no attribute 'edit_row_item'

======================================================================
ERROR: test_C3_CheckTransportEdited (SmokeSuiteTransports.SmokeTestTransports)
----------------------------------------------------------------------
Traceback (most recent call last):
  File "/afs/inf.ed.ac.uk/user/s12/s1211898/askThomas/automationRooserMsp/TestPages/TransportsPage.py", line 53, in remove_entry
    self.delete_row(row)
  File "/afs/inf.ed.ac.uk/user/s12/s1211898/askThomas/automationRooserMsp/TestPages/TransportsPage.py", line 57, in delete_row
    row.delete_row_item.click()
AttributeError: 'NoneType' object has no attribute 'delete_row_item'

======================================================================
ERROR: test_C4_CheckTransportRemoved (SmokeSuiteTransports.SmokeTestTransports)
----------------------------------------------------------------------
Traceback (most recent call last):
  File "/afs/inf.ed.ac.uk/user/s12/s1211898/askThomas/automationRooserMsp/Tests/SmokeSuiteTransports.py", line 83, in test_C4_CheckTransportRemoved
    self.transports_page.delete_row(transport_row)
  File "/afs/inf.ed.ac.uk/user/s12/s1211898/askThomas/automationRooserMsp/TestPages/TransportsPage.py", line 59, in delete_row
    delete_dialog.confirm_delete.click()
  File "/afs/inf.ed.ac.uk/user/s12/s1211898/askThomas/automationRooserMsp/Common/Utilities/Libs/retry/compat.py", line 17, in wrapper
    return caller(f, *args, **kwargs)
  File "/afs/inf.ed.ac.uk/user/s12/s1211898/askThomas/automationRooserMsp/Common/Utilities/Libs/retry/api.py", line 73, in retry_decorator
    logger)
  File "/afs/inf.ed.ac.uk/user/s12/s1211898/askThomas/automationRooserMsp/Common/Utilities/Libs/retry/api.py", line 32, in __retry_internal
    return f()
  File "/afs/inf.ed.ac.uk/user/s12/s1211898/askThomas/automationRooserMsp/TestPages/TestPageObjects/CTAButton.py", line 34, in click
    self.element.click()
  File "/afs/inf.ed.ac.uk/user/s12/s1211898/miniconda3/envs/automationRooser/lib/python2.7/site-packages/selenium/webdriver/remote/webelement.py", line 80, in click
    self._execute(Command.CLICK_ELEMENT)
  File "/afs/inf.ed.ac.uk/user/s12/s1211898/miniconda3/envs/automationRooser/lib/python2.7/site-packages/selenium/webdriver/remote/webelement.py", line 628, in _execute
    return self._parent.execute(command, params)
  File "/afs/inf.ed.ac.uk/user/s12/s1211898/miniconda3/envs/automationRooser/lib/python2.7/site-packages/selenium/webdriver/remote/webdriver.py", line 320, in execute
    self.error_handler.check_response(response)
  File "/afs/inf.ed.ac.uk/user/s12/s1211898/miniconda3/envs/automationRooser/lib/python2.7/site-packages/selenium/webdriver/remote/errorhandler.py", line 242, in check_response
    raise exception_class(message, screen, stacktrace)
WebDriverException: Message: unknown error: Element <button class="btn btn-danger btn-sm">...</button> is not clickable at point (1825, 15). Other element would receive the click: <div style="background-color: rgba(0, 0, 0, 0.4); position: fixed; left: 0px; right: 0px; top: 0px; bottom: 0px; z-index: 5000;"></div>
  (Session info: chrome=67.0.3396.99)
  (Driver info: chromedriver=2.40.565383 (76257d1ab79276b2d53ee976b2c3e3b9f335cde7),platform=Linux 3.10.0-693.21.1.el7.x86_64 x86_64)


======================================================================
ERROR: test_C4_CheckTransportRemoved (SmokeSuiteTransports.SmokeTestTransports)
----------------------------------------------------------------------
Traceback (most recent call last):
  File "/afs/inf.ed.ac.uk/user/s12/s1211898/askThomas/automationRooserMsp/Tests/BaseTestClass.py", line 54, in perform_log_out
    dashboard.perform_logout()
  File "/afs/inf.ed.ac.uk/user/s12/s1211898/askThomas/automationRooserMsp/TestPages/BaseDashboardPage.py", line 19, in perform_logout
    self.user_profile.click()
  File "/afs/inf.ed.ac.uk/user/s12/s1211898/askThomas/automationRooserMsp/Common/Utilities/Libs/retry/compat.py", line 17, in wrapper
    return caller(f, *args, **kwargs)
  File "/afs/inf.ed.ac.uk/user/s12/s1211898/askThomas/automationRooserMsp/Common/Utilities/Libs/retry/api.py", line 73, in retry_decorator
    logger)
  File "/afs/inf.ed.ac.uk/user/s12/s1211898/askThomas/automationRooserMsp/Common/Utilities/Libs/retry/api.py", line 32, in __retry_internal
    return f()
  File "/afs/inf.ed.ac.uk/user/s12/s1211898/askThomas/automationRooserMsp/TestPages/TestPageObjects/CTAButton.py", line 34, in click
    self.element.click()
  File "/afs/inf.ed.ac.uk/user/s12/s1211898/miniconda3/envs/automationRooser/lib/python2.7/site-packages/selenium/webdriver/remote/webelement.py", line 80, in click
    self._execute(Command.CLICK_ELEMENT)
  File "/afs/inf.ed.ac.uk/user/s12/s1211898/miniconda3/envs/automationRooser/lib/python2.7/site-packages/selenium/webdriver/remote/webelement.py", line 628, in _execute
    return self._parent.execute(command, params)
  File "/afs/inf.ed.ac.uk/user/s12/s1211898/miniconda3/envs/automationRooser/lib/python2.7/site-packages/selenium/webdriver/remote/webdriver.py", line 320, in execute
    self.error_handler.check_response(response)
  File "/afs/inf.ed.ac.uk/user/s12/s1211898/miniconda3/envs/automationRooser/lib/python2.7/site-packages/selenium/webdriver/remote/errorhandler.py", line 242, in check_response
    raise exception_class(message, screen, stacktrace)
WebDriverException: Message: unknown error: Element <button type="button" data-toggle="dropdown" aria-haspopup="true" aria-expanded="false" class="nav-link dropdown-toggle user-dropdown btn btn-secondary">...</button> is not clickable at point (1813, 13). Other element would receive the click: <div style="background-color: rgba(0, 0, 0, 0.4); position: fixed; left: 0px; right: 0px; top: 0px; bottom: 0px; z-index: 5000;"></div>
  (Session info: chrome=67.0.3396.99)
  (Driver info: chromedriver=2.40.565383 (76257d1ab79276b2d53ee976b2c3e3b9f335cde7),platform=Linux 3.10.0-693.21.1.el7.x86_64 x86_64)


======================================================================
ERROR: test_C9_CheckNewTransportRightDetails (SmokeSuiteTransports.SmokeTestTransports)
----------------------------------------------------------------------
Traceback (most recent call last):
  File "/afs/inf.ed.ac.uk/user/s12/s1211898/askThomas/automationRooserMsp/TestPages/TransportsPage.py", line 52, in remove_entry
    row = self.table.get_row_for_field_value(HeadersTransports.Name, name)
  File "/afs/inf.ed.ac.uk/user/s12/s1211898/askThomas/automationRooserMsp/TestPages/TestPageObjects/Table/BaseTable.py", line 76, in get_row_for_field_value
    for row in self.rows:
  File "/afs/inf.ed.ac.uk/user/s12/s1211898/askThomas/automationRooserMsp/TestPages/TestPageObjects/Table/BaseTable.py", line 50, in rows
    all_rows = self.get_raw_rows()
  File "/afs/inf.ed.ac.uk/user/s12/s1211898/askThomas/automationRooserMsp/TestPages/TestPageObjects/Table/BaseTable.py", line 26, in get_raw_rows
    return self.table_element.find_elements_by_css_selector('tr')
  File "/afs/inf.ed.ac.uk/user/s12/s1211898/askThomas/automationRooserMsp/TestPages/TestPageObjects/Table/BaseTable.py", line 31, in table_element
    return self.web_driver_find.find_all(By.CSS_SELECTOR, '.react-bs-table')[self.table_index]
IndexError: list index out of range

======================================================================
FAIL: test_C2_CheckTransportAdded (SmokeSuiteTransports.SmokeTestTransports)
----------------------------------------------------------------------
Traceback (most recent call last):
  File "/afs/inf.ed.ac.uk/user/s12/s1211898/askThomas/automationRooserMsp/Tests/SmokeSuiteTransports.py", line 47, in test_C2_CheckTransportAdded
    self.assertEqual(weight+' kg', transport_row[HeadersTransports.Weight])
AssertionError: '064 kg' != u'64 kg'

======================================================================
FAIL: test_C9_CheckNewTransportRightDetails (SmokeSuiteTransports.SmokeTestTransports)
----------------------------------------------------------------------
Traceback (most recent call last):
  File "/afs/inf.ed.ac.uk/user/s12/s1211898/askThomas/automationRooserMsp/Tests/SmokeSuiteTransports.py", line 111, in test_C9_CheckNewTransportRightDetails
    self.assertEqual(ship, check_dialog.delivers)
AssertionError: 'No' != u''

----------------------------------------------------------------------
Ran 12 tests in 241.784s

FAILED (failures=2, errors=11)
05-Aug-2018 22:15:09.32 <<<<<<<<<<<<<<<<Test run - Smoke complete!>>>>>>>>>>>>>>>>
