27-Aug-2018 11:18:21.65 
 >>>>>> 
 >>>>>> Test in progress: test_C130_CheckNoDuplicateEntriesAllowed
 >>>>>>
27-Aug-2018 11:18:23.33 Logging at address: dev.rooser.co.uk
27-Aug-2018 11:18:26.02 User admin@rooser.co.uk logged in.
27-Aug-2018 11:18:30.21 Product created.
E27-Aug-2018 11:18:30.69 >>>>>> Test execution done, tearDown

27-Aug-2018 11:18:31.22 User logged out.
27-Aug-2018 11:18:31.36 
 >>>>>> 
 >>>>>> Test in progress: test_C60_CheckProductsPageDisplayedCorrectly
 >>>>>>
27-Aug-2018 11:18:32.97 Logging at address: dev.rooser.co.uk
27-Aug-2018 11:18:35.26 User admin@rooser.co.uk logged in.
27-Aug-2018 11:18:39.67 >>>>>> Test execution done, tearDown

27-Aug-2018 11:18:40.19 User logged out.
.27-Aug-2018 11:18:40.31 
 >>>>>> 
 >>>>>> Test in progress: test_C61_CheckProductAdded
 >>>>>>
27-Aug-2018 11:18:41.93 Logging at address: dev.rooser.co.uk
27-Aug-2018 11:18:44.27 User admin@rooser.co.uk logged in.
27-Aug-2018 11:18:48.53 Product created.
27-Aug-2018 11:18:48.98 >>>>>> Test execution done, tearDown

27-Aug-2018 11:18:50.06 Product deleted.
27-Aug-2018 11:18:50.52 User logged out.
.27-Aug-2018 11:18:50.65 
 >>>>>> 
 >>>>>> Test in progress: test_C62_CheckProductEdited
 >>>>>>
27-Aug-2018 11:18:52.28 Logging at address: dev.rooser.co.uk
27-Aug-2018 11:18:58.05 User admin@rooser.co.uk logged in.
27-Aug-2018 11:19:02.27 Product created.
27-Aug-2018 11:19:04.34 Product edited.
27-Aug-2018 11:19:04.70 >>>>>> Test execution done, tearDown

27-Aug-2018 11:19:05.81 Product deleted.
27-Aug-2018 11:19:06.27 User logged out.
.27-Aug-2018 11:19:06.33 
 >>>>>> 
 >>>>>> Test in progress: test_C63_CheckProductRemoved
 >>>>>>
27-Aug-2018 11:19:07.95 Logging at address: dev.rooser.co.uk
27-Aug-2018 11:19:10.06 User admin@rooser.co.uk logged in.
27-Aug-2018 11:19:14.38 Product created.
27-Aug-2018 11:19:15.67 Product deleted.
E27-Aug-2018 11:19:15.84 >>>>>> Test execution done, tearDown

27-Aug-2018 11:19:16.27 User logged out.
27-Aug-2018 11:19:16.41 
 >>>>>> 
 >>>>>> Test in progress: test_C64_CheckNewProductRightDetails
 >>>>>>
27-Aug-2018 11:19:18.05 Logging at address: dev.rooser.co.uk
27-Aug-2018 11:19:20.38 User admin@rooser.co.uk logged in.
27-Aug-2018 11:19:24.66 Product created.
27-Aug-2018 11:19:26.21 Product deleted.
27-Aug-2018 11:19:26.21 >>>>>> Test execution done, tearDown

27-Aug-2018 11:19:26.71 User logged out.
.27-Aug-2018 11:19:26.84 
 >>>>>> 
 >>>>>> Test in progress: test_C65_CheckProductDetailsThenEdit
 >>>>>>
27-Aug-2018 11:19:28.45 Logging at address: dev.rooser.co.uk
27-Aug-2018 11:19:30.77 User admin@rooser.co.uk logged in.
27-Aug-2018 11:19:37.08 Product created.
27-Aug-2018 11:19:39.31 Product edited.
27-Aug-2018 11:19:39.65 >>>>>> Test execution done, tearDown

27-Aug-2018 11:19:40.77 Product deleted.
27-Aug-2018 11:19:41.22 User logged out.
.27-Aug-2018 11:19:41.35 
 >>>>>> 
 >>>>>> Test in progress: test_C66_CheckProductDetailsThenDelete
 >>>>>>
27-Aug-2018 11:19:42.99 Logging at address: dev.rooser.co.uk
27-Aug-2018 11:19:45.33 User admin@rooser.co.uk logged in.
27-Aug-2018 11:19:49.56 Product created.
27-Aug-2018 11:19:51.06 Product deleted.
E27-Aug-2018 11:19:51.23 >>>>>> Test execution done, tearDown

27-Aug-2018 11:19:51.70 User logged out.
27-Aug-2018 11:19:51.83 
 >>>>>> 
 >>>>>> Test in progress: test_C67_CheckNoProductNameValidation
 >>>>>>
27-Aug-2018 11:19:53.45 Logging at address: dev.rooser.co.uk
27-Aug-2018 11:19:55.60 User admin@rooser.co.uk logged in.
27-Aug-2018 11:19:58.58 Making an attempt to check for notification: Product name is required
E27-Aug-2018 11:20:18.80 >>>>>> Test execution done, tearDown

27-Aug-2018 11:20:19.33 User logged out.
27-Aug-2018 11:20:19.70 
 >>>>>> 
 >>>>>> Test in progress: test_C68_CheckIncorrectProductNameValidation
 >>>>>>
27-Aug-2018 11:20:21.34 Logging at address: dev.rooser.co.uk
27-Aug-2018 11:20:23.50 User admin@rooser.co.uk logged in.
27-Aug-2018 11:20:26.49 Making an attempt to check for notification: Please enter a name of at least 3 characters
E27-Aug-2018 11:20:46.67 >>>>>> Test execution done, tearDown

27-Aug-2018 11:20:47.24 User logged out.
27-Aug-2018 11:20:47.36 
 >>>>>> 
 >>>>>> Test in progress: test_C69_CheckNoDisplayValidation
 >>>>>>
27-Aug-2018 11:20:48.98 Logging at address: dev.rooser.co.uk
27-Aug-2018 11:20:51.24 User admin@rooser.co.uk logged in.
27-Aug-2018 11:20:54.31 Making an attempt to check for notification: Display name is required
E27-Aug-2018 11:21:14.51 >>>>>> Test execution done, tearDown

27-Aug-2018 11:21:15.08 User logged out.
27-Aug-2018 11:21:15.14 
 >>>>>> 
 >>>>>> Test in progress: test_C70_CheckNoSageCodeValidation
 >>>>>>
27-Aug-2018 11:21:16.77 Logging at address: dev.rooser.co.uk
27-Aug-2018 11:21:19.03 User admin@rooser.co.uk logged in.
27-Aug-2018 11:21:22.22 Making an attempt to check for notification: The sage code is required
E27-Aug-2018 11:21:42.43 >>>>>> Test execution done, tearDown

27-Aug-2018 11:21:43.05 User logged out.
27-Aug-2018 11:21:43.16 
 >>>>>> 
 >>>>>> Test in progress: test_C71_CheckNoDefaultCutValidation
 >>>>>>
27-Aug-2018 11:21:44.79 Logging at address: dev.rooser.co.uk
27-Aug-2018 11:21:47.06 User admin@rooser.co.uk logged in.
E27-Aug-2018 11:22:19.63 >>>>>> Test execution done, tearDown

27-Aug-2018 11:22:20.19 User logged out.
27-Aug-2018 11:22:20.25 
 >>>>>> 
 >>>>>> Test in progress: test_C154_CheckDashboardPageDisplayedCorrectly
 >>>>>>
27-Aug-2018 11:22:21.87 Logging at address: dev.rooser.co.uk
27-Aug-2018 11:22:24.01 User admin@rooser.co.uk logged in.
27-Aug-2018 11:22:26.44 >>>>>> Test execution done, tearDown

27-Aug-2018 11:22:26.93 User logged out.
.27-Aug-2018 11:22:27.04 
 >>>>>> 
 >>>>>> Test in progress: test_C126_CheckSalesOverviewPageDisplayedCorrectly
 >>>>>>
27-Aug-2018 11:22:28.67 Logging at address: dev.rooser.co.uk
27-Aug-2018 11:22:30.83 User admin@rooser.co.uk logged in.
E27-Aug-2018 11:22:34.21 >>>>>> Test execution done, tearDown

27-Aug-2018 11:22:34.70 User logged out.
27-Aug-2018 11:22:34.77 
 >>>>>> 
 >>>>>> Test in progress: test_C129_CheckSalesAllPageDisplayedCorrectly
 >>>>>>
27-Aug-2018 11:22:36.38 Logging at address: dev.rooser.co.uk
27-Aug-2018 11:22:38.52 User admin@rooser.co.uk logged in.
27-Aug-2018 11:22:41.75 >>>>>> Test execution done, tearDown

27-Aug-2018 11:22:42.28 User logged out.
.27-Aug-2018 11:22:42.44 
 >>>>>> 
 >>>>>> Test in progress: test_C153_CheckSaleAddedTransportThatDeliversToCustomersWithNoMinWeight
 >>>>>>
27-Aug-2018 11:22:44.05 Logging at address: dev.rooser.co.uk
27-Aug-2018 11:22:46.36 User admin@rooser.co.uk logged in.
27-Aug-2018 11:22:51.26 Customer created.
27-Aug-2018 11:22:52.73 Transport created.
27-Aug-2018 11:22:54.58 Product created.
E27-Aug-2018 11:23:05.53 >>>>>> Test execution done, tearDown

27-Aug-2018 11:23:06.06 User logged out.
27-Aug-2018 11:23:06.13 
 >>>>>> 
 >>>>>> Test in progress: test_C111_CheckCustomerWithTransportAdded
 >>>>>>
27-Aug-2018 11:23:07.75 Logging at address: dev.rooser.co.uk
27-Aug-2018 11:23:09.83 User admin@rooser.co.uk logged in.
27-Aug-2018 11:23:13.78 Transport created.
27-Aug-2018 11:23:15.73 Customer created.
27-Aug-2018 11:23:17.39 Transport deleted.
27-Aug-2018 11:23:17.39 >>>>>> Test execution done, tearDown

E27-Aug-2018 11:23:18.24 User logged out.
27-Aug-2018 11:23:18.35 
 >>>>>> 
 >>>>>> Test in progress: test_C112_CheckCustomerWithTransportEdited
 >>>>>>
27-Aug-2018 11:23:20.00 Logging at address: dev.rooser.co.uk
27-Aug-2018 11:23:22.09 User admin@rooser.co.uk logged in.
27-Aug-2018 11:23:26.05 Transport created.
27-Aug-2018 11:23:28.03 Customer created.
27-Aug-2018 11:23:30.36 Customer edited.
27-Aug-2018 11:23:31.98 Transport deleted.
27-Aug-2018 11:23:31.98 >>>>>> Test execution done, tearDown

E27-Aug-2018 11:23:32.75 User logged out.
27-Aug-2018 11:23:32.86 
 >>>>>> 
 >>>>>> Test in progress: test_C113_CheckCustomerWithTransportRemoved
 >>>>>>
27-Aug-2018 11:23:34.49 Logging at address: dev.rooser.co.uk
27-Aug-2018 11:23:36.84 User admin@rooser.co.uk logged in.
27-Aug-2018 11:23:40.69 Transport created.
27-Aug-2018 11:23:42.62 Customer created.
27-Aug-2018 11:23:43.74 Customer deleted.
E27-Aug-2018 11:23:43.91 >>>>>> Test execution done, tearDown

27-Aug-2018 11:23:44.34 User logged out.
27-Aug-2018 11:23:44.46 
 >>>>>> 
 >>>>>> Test in progress: test_C114_CheckNewCustomerWithTransportRightDetails
 >>>>>>
27-Aug-2018 11:23:46.09 Logging at address: dev.rooser.co.uk
27-Aug-2018 11:23:48.40 User admin@rooser.co.uk logged in.
27-Aug-2018 11:23:52.29 Transport created.
27-Aug-2018 11:23:54.28 Customer created.
27-Aug-2018 11:23:55.63 Customer deleted.
27-Aug-2018 11:23:57.05 Transport deleted.
27-Aug-2018 11:23:57.05 >>>>>> Test execution done, tearDown

27-Aug-2018 11:23:57.56 User logged out.
.27-Aug-2018 11:23:57.62 
 >>>>>> 
 >>>>>> Test in progress: test_C115_CheckCustomerWithTransportDetailsThenEdit
 >>>>>>
27-Aug-2018 11:23:59.26 Logging at address: dev.rooser.co.uk
27-Aug-2018 11:24:01.36 User admin@rooser.co.uk logged in.
27-Aug-2018 11:24:05.40 Transport created.
27-Aug-2018 11:24:07.39 Customer created.
E27-Aug-2018 11:24:07.91 >>>>>> Test execution done, tearDown

E27-Aug-2018 11:24:08.54 User logged out.
27-Aug-2018 11:24:08.65 
 >>>>>> 
 >>>>>> Test in progress: test_C116_CheckCustomerWithTransportDetailsThenDelete
 >>>>>>
27-Aug-2018 11:24:10.29 Logging at address: dev.rooser.co.uk
27-Aug-2018 11:24:12.58 User admin@rooser.co.uk logged in.
27-Aug-2018 11:24:16.42 Transport created.
27-Aug-2018 11:24:18.33 Customer created.
27-Aug-2018 11:24:19.70 Customer deleted.
E27-Aug-2018 11:24:19.89 >>>>>> Test execution done, tearDown

27-Aug-2018 11:24:20.37 User logged out.
27-Aug-2018 11:24:20.48 
 >>>>>> 
 >>>>>> Test in progress: test_C43_CheckCustomersPageDisplayedCorrectly
 >>>>>>
27-Aug-2018 11:24:22.12 Logging at address: dev.rooser.co.uk
27-Aug-2018 11:24:24.34 User admin@rooser.co.uk logged in.
27-Aug-2018 11:24:32.92 >>>>>> Test execution done, tearDown

27-Aug-2018 11:24:33.51 User logged out.
.27-Aug-2018 11:24:33.63 
 >>>>>> 
 >>>>>> Test in progress: test_C44_CheckCustomerAdded
 >>>>>>
27-Aug-2018 11:24:35.28 Logging at address: dev.rooser.co.uk
27-Aug-2018 11:24:37.36 User admin@rooser.co.uk logged in.
27-Aug-2018 11:24:41.74 Customer created.
27-Aug-2018 11:24:42.02 >>>>>> Test execution done, tearDown

27-Aug-2018 11:24:43.09 Customer deleted.
27-Aug-2018 11:24:43.54 User logged out.
.27-Aug-2018 11:24:43.66 
 >>>>>> 
 >>>>>> Test in progress: test_C45_CheckCustomerEdited
 >>>>>>
27-Aug-2018 11:24:45.27 Logging at address: dev.rooser.co.uk
27-Aug-2018 11:24:47.35 User admin@rooser.co.uk logged in.
27-Aug-2018 11:24:51.81 Customer created.
27-Aug-2018 11:24:54.38 Customer edited.
F27-Aug-2018 11:24:54.80 >>>>>> Test execution done, tearDown

E27-Aug-2018 11:24:55.56 User logged out.
27-Aug-2018 11:24:55.67 
 >>>>>> 
 >>>>>> Test in progress: test_C46_CheckCustomerRemoved
 >>>>>>
27-Aug-2018 11:24:57.34 Logging at address: dev.rooser.co.uk
27-Aug-2018 11:24:59.77 User admin@rooser.co.uk logged in.
27-Aug-2018 11:25:06.13 Customer created.
27-Aug-2018 11:25:07.36 Customer deleted.
E27-Aug-2018 11:25:07.53 >>>>>> Test execution done, tearDown

27-Aug-2018 11:25:07.96 User logged out.
27-Aug-2018 11:25:08.08 
 >>>>>> 
 >>>>>> Test in progress: test_C47_CheckNewCustomerRightDetails
 >>>>>>
27-Aug-2018 11:25:09.70 Logging at address: dev.rooser.co.uk
27-Aug-2018 11:25:12.09 User admin@rooser.co.uk logged in.
27-Aug-2018 11:25:22.67 Customer created.
27-Aug-2018 11:25:24.10 Customer deleted.
27-Aug-2018 11:25:24.10 >>>>>> Test execution done, tearDown

27-Aug-2018 11:25:24.59 User logged out.
.27-Aug-2018 11:25:24.72 
 >>>>>> 
 >>>>>> Test in progress: test_C48_CheckCustomerDetailsThenEdit
 >>>>>>
27-Aug-2018 11:25:26.41 Logging at address: dev.rooser.co.uk
27-Aug-2018 11:25:28.79 User admin@rooser.co.uk logged in.
27-Aug-2018 11:25:35.19 Customer created.
E27-Aug-2018 11:25:35.82 >>>>>> Test execution done, tearDown

E27-Aug-2018 11:25:36.47 User logged out.
27-Aug-2018 11:25:36.58 
 >>>>>> 
 >>>>>> Test in progress: test_C49_CheckCustomerDetailsThenDelete
 >>>>>>
27-Aug-2018 11:25:38.23 Logging at address: dev.rooser.co.uk
27-Aug-2018 11:25:40.56 User admin@rooser.co.uk logged in.
27-Aug-2018 11:25:47.01 Customer created.
E27-Aug-2018 11:25:47.50 >>>>>> Test execution done, tearDown

27-Aug-2018 11:25:47.98 User logged out.
27-Aug-2018 11:25:48.10 
 >>>>>> 
 >>>>>> Test in progress: test_C50_CheckNoCustomerNameValidation
 >>>>>>
27-Aug-2018 11:25:49.76 Logging at address: dev.rooser.co.uk
27-Aug-2018 11:25:51.93 User admin@rooser.co.uk logged in.
27-Aug-2018 11:25:54.95 Making an attempt to check for notification: Business name is required
27-Aug-2018 11:26:15.15 >>>>>> Test execution done, tearDown

27-Aug-2018 11:26:15.70 User logged out.
.27-Aug-2018 11:26:15.82 
 >>>>>> 
 >>>>>> Test in progress: test_C51_CheckIncorrectCustomerNameValidation
 >>>>>>
27-Aug-2018 11:26:17.46 Logging at address: dev.rooser.co.uk
27-Aug-2018 11:26:19.76 User admin@rooser.co.uk logged in.
27-Aug-2018 11:26:22.66 Making an attempt to check for notification: Please enter a name of at least 3 characters
27-Aug-2018 11:26:42.84 >>>>>> Test execution done, tearDown

27-Aug-2018 11:26:43.43 User logged out.
.27-Aug-2018 11:26:43.52 
 >>>>>> 
 >>>>>> Test in progress: test_C52_CheckNoSageCodeValidation
 >>>>>>
27-Aug-2018 11:26:45.20 Logging at address: dev.rooser.co.uk
27-Aug-2018 11:26:47.36 User admin@rooser.co.uk logged in.
27-Aug-2018 11:26:50.82 Making an attempt to check for notification: THE SAGE CODE IS REQUIRED
27-Aug-2018 11:27:10.98 >>>>>> Test execution done, tearDown

27-Aug-2018 11:27:11.53 User logged out.
.27-Aug-2018 11:27:11.65 
 >>>>>> 
 >>>>>> Test in progress: test_C53_CheckIncorrectSageCodeValidation
 >>>>>>
27-Aug-2018 11:27:13.34 Logging at address: dev.rooser.co.uk
27-Aug-2018 11:27:15.59 User admin@rooser.co.uk logged in.
27-Aug-2018 11:27:18.77 Making an attempt to check for notification: THE SAGE CODE IS REQUIRED
27-Aug-2018 11:27:38.95 >>>>>> Test execution done, tearDown

27-Aug-2018 11:27:39.52 User logged out.
.
======================================================================
ERROR: test_C130_CheckNoDuplicateEntriesAllowed (SmokeSuiteProducts.SmokeTestProducts)
----------------------------------------------------------------------
Traceback (most recent call last):
  File "/afs/inf.ed.ac.uk/user/s12/s1211898/askThomas/automationRooserMsp/Tests/SmokeSuiteProducts.py", line 261, in test_C130_CheckNoDuplicateEntriesAllowed
    add_dialog.name.send_keys(name)
NameError: global name 'name' is not defined

======================================================================
ERROR: test_C63_CheckProductRemoved (SmokeSuiteProducts.SmokeTestProducts)
----------------------------------------------------------------------
Traceback (most recent call last):
  File "/afs/inf.ed.ac.uk/user/s12/s1211898/askThomas/automationRooserMsp/Tests/SmokeSuiteProducts.py", line 87, in test_C63_CheckProductRemoved
    self.assertEqual(no_products_message, self.products_page.empty_text)
  File "/afs/inf.ed.ac.uk/user/s12/s1211898/askThomas/automationRooserMsp/TestPages/ProductsPage.py", line 78, in empty_text
    return InvariableField(self.webdriver, by_type=By.CSS_SELECTOR, value=".react-bs-table-no-data").get_html()
  File "/afs/inf.ed.ac.uk/user/s12/s1211898/askThomas/automationRooserMsp/TestPages/TestPageObjects/InvariableField.py", line 8, in __init__
    self.element = web_driver_find.find_all(by_type, value)[index]
IndexError: list index out of range

======================================================================
ERROR: test_C66_CheckProductDetailsThenDelete (SmokeSuiteProducts.SmokeTestProducts)
----------------------------------------------------------------------
Traceback (most recent call last):
  File "/afs/inf.ed.ac.uk/user/s12/s1211898/askThomas/automationRooserMsp/Tests/SmokeSuiteProducts.py", line 152, in test_C66_CheckProductDetailsThenDelete
    self.assertEqual(no_products_message, self.products_page.empty_text)
  File "/afs/inf.ed.ac.uk/user/s12/s1211898/askThomas/automationRooserMsp/TestPages/ProductsPage.py", line 78, in empty_text
    return InvariableField(self.webdriver, by_type=By.CSS_SELECTOR, value=".react-bs-table-no-data").get_html()
  File "/afs/inf.ed.ac.uk/user/s12/s1211898/askThomas/automationRooserMsp/TestPages/TestPageObjects/InvariableField.py", line 8, in __init__
    self.element = web_driver_find.find_all(by_type, value)[index]
IndexError: list index out of range

======================================================================
ERROR: test_C67_CheckNoProductNameValidation (SmokeSuiteProducts.SmokeTestProducts)
----------------------------------------------------------------------
Traceback (most recent call last):
  File "/afs/inf.ed.ac.uk/user/s12/s1211898/askThomas/automationRooserMsp/Tests/SmokeSuiteProducts.py", line 168, in test_C67_CheckNoProductNameValidation
    add_dialog.cancel_button.click()
  File "/afs/inf.ed.ac.uk/user/s12/s1211898/askThomas/automationRooserMsp/TestPages/TestDialogs/ProductsAddDialog.py", line 51, in cancel_button
    return CTAButton(self.webdriver, By.CSS_SELECTOR, ".btn-danger")
  File "/afs/inf.ed.ac.uk/user/s12/s1211898/askThomas/automationRooserMsp/TestPages/TestPageObjects/CTAButton.py", line 53, in __init__
    self.element = self.web_driver_find.find_all(by_type, value)[index]
IndexError: list index out of range

======================================================================
ERROR: test_C68_CheckIncorrectProductNameValidation (SmokeSuiteProducts.SmokeTestProducts)
----------------------------------------------------------------------
Traceback (most recent call last):
  File "/afs/inf.ed.ac.uk/user/s12/s1211898/askThomas/automationRooserMsp/Tests/SmokeSuiteProducts.py", line 185, in test_C68_CheckIncorrectProductNameValidation
    add_dialog.cancel_button.click()
  File "/afs/inf.ed.ac.uk/user/s12/s1211898/askThomas/automationRooserMsp/TestPages/TestDialogs/ProductsAddDialog.py", line 51, in cancel_button
    return CTAButton(self.webdriver, By.CSS_SELECTOR, ".btn-danger")
  File "/afs/inf.ed.ac.uk/user/s12/s1211898/askThomas/automationRooserMsp/TestPages/TestPageObjects/CTAButton.py", line 53, in __init__
    self.element = self.web_driver_find.find_all(by_type, value)[index]
IndexError: list index out of range

======================================================================
ERROR: test_C69_CheckNoDisplayValidation (SmokeSuiteProducts.SmokeTestProducts)
----------------------------------------------------------------------
Traceback (most recent call last):
  File "/afs/inf.ed.ac.uk/user/s12/s1211898/askThomas/automationRooserMsp/Tests/SmokeSuiteProducts.py", line 203, in test_C69_CheckNoDisplayValidation
    add_dialog.cancel_button.click()
  File "/afs/inf.ed.ac.uk/user/s12/s1211898/askThomas/automationRooserMsp/TestPages/TestDialogs/ProductsAddDialog.py", line 51, in cancel_button
    return CTAButton(self.webdriver, By.CSS_SELECTOR, ".btn-danger")
  File "/afs/inf.ed.ac.uk/user/s12/s1211898/askThomas/automationRooserMsp/TestPages/TestPageObjects/CTAButton.py", line 53, in __init__
    self.element = self.web_driver_find.find_all(by_type, value)[index]
IndexError: list index out of range

======================================================================
ERROR: test_C70_CheckNoSageCodeValidation (SmokeSuiteProducts.SmokeTestProducts)
----------------------------------------------------------------------
Traceback (most recent call last):
  File "/afs/inf.ed.ac.uk/user/s12/s1211898/askThomas/automationRooserMsp/Tests/SmokeSuiteProducts.py", line 223, in test_C70_CheckNoSageCodeValidation
    add_dialog.cancel_button.click()
  File "/afs/inf.ed.ac.uk/user/s12/s1211898/askThomas/automationRooserMsp/TestPages/TestDialogs/ProductsAddDialog.py", line 51, in cancel_button
    return CTAButton(self.webdriver, By.CSS_SELECTOR, ".btn-danger")
  File "/afs/inf.ed.ac.uk/user/s12/s1211898/askThomas/automationRooserMsp/TestPages/TestPageObjects/CTAButton.py", line 53, in __init__
    self.element = self.web_driver_find.find_all(by_type, value)[index]
IndexError: list index out of range

======================================================================
ERROR: test_C71_CheckNoDefaultCutValidation (SmokeSuiteProducts.SmokeTestProducts)
----------------------------------------------------------------------
Traceback (most recent call last):
  File "/afs/inf.ed.ac.uk/user/s12/s1211898/askThomas/automationRooserMsp/Tests/SmokeSuiteProducts.py", line 240, in test_C71_CheckNoDefaultCutValidation
    add_dialog.save_button.click()
  File "/afs/inf.ed.ac.uk/user/s12/s1211898/askThomas/automationRooserMsp/Common/Utilities/Libs/retry/compat.py", line 17, in wrapper
    return caller(f, *args, **kwargs)
  File "/afs/inf.ed.ac.uk/user/s12/s1211898/askThomas/automationRooserMsp/Common/Utilities/Libs/retry/api.py", line 73, in retry_decorator
    logger)
  File "/afs/inf.ed.ac.uk/user/s12/s1211898/askThomas/automationRooserMsp/Common/Utilities/Libs/retry/api.py", line 32, in __retry_internal
    return f()
  File "/afs/inf.ed.ac.uk/user/s12/s1211898/askThomas/automationRooserMsp/TestPages/TestPageObjects/CTAButton.py", line 34, in click
    self.element.click()
  File "/afs/inf.ed.ac.uk/user/s12/s1211898/miniconda3/envs/automationRooser/lib/python2.7/site-packages/selenium/webdriver/remote/webelement.py", line 80, in click
    self._execute(Command.CLICK_ELEMENT)
  File "/afs/inf.ed.ac.uk/user/s12/s1211898/miniconda3/envs/automationRooser/lib/python2.7/site-packages/selenium/webdriver/remote/webelement.py", line 628, in _execute
    return self._parent.execute(command, params)
  File "/afs/inf.ed.ac.uk/user/s12/s1211898/miniconda3/envs/automationRooser/lib/python2.7/site-packages/selenium/webdriver/remote/webdriver.py", line 320, in execute
    self.error_handler.check_response(response)
  File "/afs/inf.ed.ac.uk/user/s12/s1211898/miniconda3/envs/automationRooser/lib/python2.7/site-packages/selenium/webdriver/remote/errorhandler.py", line 242, in check_response
    raise exception_class(message, screen, stacktrace)
WebDriverException: Message: unknown error: Element <button type="submit" class="btn btn-success">...</button> is not clickable at point (311, 499). Other element would receive the click: <div class="Select-option is-focused" role="option" id="react-select-2--option-0">...</div>
  (Session info: chrome=68.0.3440.75)
  (Driver info: chromedriver=2.40.565383 (76257d1ab79276b2d53ee976b2c3e3b9f335cde7),platform=Linux 3.10.0-862.11.6.el7.x86_64 x86_64)


======================================================================
ERROR: test_C126_CheckSalesOverviewPageDisplayedCorrectly (SmokeSuiteSales.SmokeTestSales)
----------------------------------------------------------------------
Traceback (most recent call last):
  File "/afs/inf.ed.ac.uk/user/s12/s1211898/askThomas/automationRooserMsp/Tests/SmokeSuiteSales.py", line 63, in test_C126_CheckSalesOverviewPageDisplayedCorrectly
    self.assertEqual(title_average, self.overview_page.title_average)
  File "/afs/inf.ed.ac.uk/user/s12/s1211898/askThomas/automationRooserMsp/TestPages/SalesOverviewPage.py", line 32, in title_average
    return InvariableField(self.webdriver, by_type=By.CSS_SELECTOR, value="div.row:nth-child(1) > div > div > .card-header > strong").get_html()
  File "/afs/inf.ed.ac.uk/user/s12/s1211898/askThomas/automationRooserMsp/TestPages/TestPageObjects/InvariableField.py", line 8, in __init__
    self.element = web_driver_find.find_all(by_type, value)[index]
IndexError: list index out of range

======================================================================
ERROR: test_C153_CheckSaleAddedTransportThatDeliversToCustomersWithNoMinWeight (SmokeSuiteSales.SmokeTestSales)
----------------------------------------------------------------------
Traceback (most recent call last):
  File "/afs/inf.ed.ac.uk/user/s12/s1211898/askThomas/automationRooserMsp/Tests/SmokeSuiteSales.py", line 92, in test_C153_CheckSaleAddedTransportThatDeliversToCustomersWithNoMinWeight
    sale_page.add_entry(self.customer_name, self.transport_name, self.product_name, cut, quantity, weight, price)
  File "/afs/inf.ed.ac.uk/user/s12/s1211898/askThomas/automationRooserMsp/TestPages/SalesAllPage.py", line 37, in add_entry
    add_dialog = SalesAllAddDialog(self.webdriver)
  File "/afs/inf.ed.ac.uk/user/s12/s1211898/askThomas/automationRooserMsp/TestPages/TestDialogs/SalesAllAddDialog.py", line 18, in __init__
    self.wait()
  File "/afs/inf.ed.ac.uk/user/s12/s1211898/askThomas/automationRooserMsp/TestPages/TestDialogs/SalesAllAddDialog.py", line 22, in wait
    WebDriverWait(self.webdriver, 10).until(add_dialog)
  File "/afs/inf.ed.ac.uk/user/s12/s1211898/miniconda3/envs/automationRooser/lib/python2.7/site-packages/selenium/webdriver/support/wait.py", line 80, in until
    raise TimeoutException(message, screen, stacktrace)
TimeoutException: Message: 


======================================================================
ERROR: test_C111_CheckCustomerWithTransportAdded (SmokeSuiteCustomers.SmokeTestCustomers)
----------------------------------------------------------------------
Traceback (most recent call last):
  File "/afs/inf.ed.ac.uk/user/s12/s1211898/askThomas/automationRooserMsp/TestPages/CustomersPage.py", line 57, in remove_entry
    self.delete_row(row)
  File "/afs/inf.ed.ac.uk/user/s12/s1211898/askThomas/automationRooserMsp/TestPages/CustomersPage.py", line 61, in delete_row
    row.delete_row_item.click()
AttributeError: 'NoneType' object has no attribute 'delete_row_item'

======================================================================
ERROR: test_C112_CheckCustomerWithTransportEdited (SmokeSuiteCustomers.SmokeTestCustomers)
----------------------------------------------------------------------
Traceback (most recent call last):
  File "/afs/inf.ed.ac.uk/user/s12/s1211898/askThomas/automationRooserMsp/TestPages/CustomersPage.py", line 57, in remove_entry
    self.delete_row(row)
  File "/afs/inf.ed.ac.uk/user/s12/s1211898/askThomas/automationRooserMsp/TestPages/CustomersPage.py", line 61, in delete_row
    row.delete_row_item.click()
AttributeError: 'NoneType' object has no attribute 'delete_row_item'

======================================================================
ERROR: test_C113_CheckCustomerWithTransportRemoved (SmokeSuiteCustomers.SmokeTestCustomers)
----------------------------------------------------------------------
Traceback (most recent call last):
  File "/afs/inf.ed.ac.uk/user/s12/s1211898/askThomas/automationRooserMsp/Tests/SmokeSuiteCustomers.py", line 338, in test_C113_CheckCustomerWithTransportRemoved
    self.assertEqual(no_customer_message, customers_page.empty_text)
  File "/afs/inf.ed.ac.uk/user/s12/s1211898/askThomas/automationRooserMsp/TestPages/CustomersPage.py", line 82, in empty_text
    return InvariableField(self.webdriver, by_type=By.CSS_SELECTOR, value=".react-bs-table-no-data").get_html()
  File "/afs/inf.ed.ac.uk/user/s12/s1211898/askThomas/automationRooserMsp/TestPages/TestPageObjects/InvariableField.py", line 8, in __init__
    self.element = web_driver_find.find_all(by_type, value)[index]
IndexError: list index out of range

======================================================================
ERROR: test_C115_CheckCustomerWithTransportDetailsThenEdit (SmokeSuiteCustomers.SmokeTestCustomers)
----------------------------------------------------------------------
Traceback (most recent call last):
  File "/afs/inf.ed.ac.uk/user/s12/s1211898/askThomas/automationRooserMsp/Tests/SmokeSuiteCustomers.py", line 395, in test_C115_CheckCustomerWithTransportDetailsThenEdit
    check_dialog.edit_entry(customer_name_edited, display_edited, sage_code_edited, default_cut_edited)
NameError: global name 'default_cut_edited' is not defined

======================================================================
ERROR: test_C115_CheckCustomerWithTransportDetailsThenEdit (SmokeSuiteCustomers.SmokeTestCustomers)
----------------------------------------------------------------------
Traceback (most recent call last):
  File "/afs/inf.ed.ac.uk/user/s12/s1211898/askThomas/automationRooserMsp/TestPages/CustomersPage.py", line 56, in remove_entry
    row = self.table.get_row_for_field_value(HeadersCustomers.Name, name)
  File "/afs/inf.ed.ac.uk/user/s12/s1211898/askThomas/automationRooserMsp/TestPages/TestPageObjects/Table/BaseTable.py", line 76, in get_row_for_field_value
    for row in self.rows:
  File "/afs/inf.ed.ac.uk/user/s12/s1211898/askThomas/automationRooserMsp/TestPages/TestPageObjects/Table/BaseTable.py", line 50, in rows
    all_rows = self.get_raw_rows()
  File "/afs/inf.ed.ac.uk/user/s12/s1211898/askThomas/automationRooserMsp/TestPages/TestPageObjects/Table/BaseTable.py", line 26, in get_raw_rows
    return self.table_element.find_elements_by_css_selector('tr')
  File "/afs/inf.ed.ac.uk/user/s12/s1211898/askThomas/automationRooserMsp/TestPages/TestPageObjects/Table/BaseTable.py", line 31, in table_element
    return self.web_driver_find.find_all(By.CSS_SELECTOR, '.react-bs-table')[self.table_index]
IndexError: list index out of range

======================================================================
ERROR: test_C116_CheckCustomerWithTransportDetailsThenDelete (SmokeSuiteCustomers.SmokeTestCustomers)
----------------------------------------------------------------------
Traceback (most recent call last):
  File "/afs/inf.ed.ac.uk/user/s12/s1211898/askThomas/automationRooserMsp/Tests/SmokeSuiteCustomers.py", line 425, in test_C116_CheckCustomerWithTransportDetailsThenDelete
    self.assertEqual(no_customers_message, customers_page.empty_text)
  File "/afs/inf.ed.ac.uk/user/s12/s1211898/askThomas/automationRooserMsp/TestPages/CustomersPage.py", line 82, in empty_text
    return InvariableField(self.webdriver, by_type=By.CSS_SELECTOR, value=".react-bs-table-no-data").get_html()
  File "/afs/inf.ed.ac.uk/user/s12/s1211898/askThomas/automationRooserMsp/TestPages/TestPageObjects/InvariableField.py", line 8, in __init__
    self.element = web_driver_find.find_all(by_type, value)[index]
IndexError: list index out of range

======================================================================
ERROR: test_C45_CheckCustomerEdited (SmokeSuiteCustomers.SmokeTestCustomers)
----------------------------------------------------------------------
Traceback (most recent call last):
  File "/afs/inf.ed.ac.uk/user/s12/s1211898/askThomas/automationRooserMsp/TestPages/CustomersPage.py", line 57, in remove_entry
    self.delete_row(row)
  File "/afs/inf.ed.ac.uk/user/s12/s1211898/askThomas/automationRooserMsp/TestPages/CustomersPage.py", line 61, in delete_row
    row.delete_row_item.click()
AttributeError: 'NoneType' object has no attribute 'delete_row_item'

======================================================================
ERROR: test_C46_CheckCustomerRemoved (SmokeSuiteCustomers.SmokeTestCustomers)
----------------------------------------------------------------------
Traceback (most recent call last):
  File "/afs/inf.ed.ac.uk/user/s12/s1211898/askThomas/automationRooserMsp/Tests/SmokeSuiteCustomers.py", line 112, in test_C46_CheckCustomerRemoved
    self.assertEqual(no_customer_message, self.customers_page.empty_text)
  File "/afs/inf.ed.ac.uk/user/s12/s1211898/askThomas/automationRooserMsp/TestPages/CustomersPage.py", line 82, in empty_text
    return InvariableField(self.webdriver, by_type=By.CSS_SELECTOR, value=".react-bs-table-no-data").get_html()
  File "/afs/inf.ed.ac.uk/user/s12/s1211898/askThomas/automationRooserMsp/TestPages/TestPageObjects/InvariableField.py", line 8, in __init__
    self.element = web_driver_find.find_all(by_type, value)[index]
IndexError: list index out of range

======================================================================
ERROR: test_C48_CheckCustomerDetailsThenEdit (SmokeSuiteCustomers.SmokeTestCustomers)
----------------------------------------------------------------------
Traceback (most recent call last):
  File "/afs/inf.ed.ac.uk/user/s12/s1211898/askThomas/automationRooserMsp/Tests/SmokeSuiteCustomers.py", line 161, in test_C48_CheckCustomerDetailsThenEdit
    check_dialog.edit_entry(customer_name_edited, display_edited, sage_code_edited, default_cut_edited)
NameError: global name 'default_cut_edited' is not defined

======================================================================
ERROR: test_C48_CheckCustomerDetailsThenEdit (SmokeSuiteCustomers.SmokeTestCustomers)
----------------------------------------------------------------------
Traceback (most recent call last):
  File "/afs/inf.ed.ac.uk/user/s12/s1211898/askThomas/automationRooserMsp/TestPages/CustomersPage.py", line 56, in remove_entry
    row = self.table.get_row_for_field_value(HeadersCustomers.Name, name)
  File "/afs/inf.ed.ac.uk/user/s12/s1211898/askThomas/automationRooserMsp/TestPages/TestPageObjects/Table/BaseTable.py", line 76, in get_row_for_field_value
    for row in self.rows:
  File "/afs/inf.ed.ac.uk/user/s12/s1211898/askThomas/automationRooserMsp/TestPages/TestPageObjects/Table/BaseTable.py", line 50, in rows
    all_rows = self.get_raw_rows()
  File "/afs/inf.ed.ac.uk/user/s12/s1211898/askThomas/automationRooserMsp/TestPages/TestPageObjects/Table/BaseTable.py", line 26, in get_raw_rows
    return self.table_element.find_elements_by_css_selector('tr')
  File "/afs/inf.ed.ac.uk/user/s12/s1211898/askThomas/automationRooserMsp/TestPages/TestPageObjects/Table/BaseTable.py", line 31, in table_element
    return self.web_driver_find.find_all(By.CSS_SELECTOR, '.react-bs-table')[self.table_index]
IndexError: list index out of range

======================================================================
ERROR: test_C49_CheckCustomerDetailsThenDelete (SmokeSuiteCustomers.SmokeTestCustomers)
----------------------------------------------------------------------
Traceback (most recent call last):
  File "/afs/inf.ed.ac.uk/user/s12/s1211898/askThomas/automationRooserMsp/Tests/SmokeSuiteCustomers.py", line 183, in test_C49_CheckCustomerDetailsThenDelete
    customer_row.details_row_item.click()
NameError: global name 'customer_row' is not defined

======================================================================
FAIL: test_C45_CheckCustomerEdited (SmokeSuiteCustomers.SmokeTestCustomers)
----------------------------------------------------------------------
Traceback (most recent call last):
  File "/afs/inf.ed.ac.uk/user/s12/s1211898/askThomas/automationRooserMsp/Tests/SmokeSuiteCustomers.py", line 91, in test_C45_CheckCustomerEdited
    self.assertIsNotNone(customer_row)
AssertionError: unexpectedly None

----------------------------------------------------------------------
Ran 34 tests in 557.985s

FAILED (failures=1, errors=21)
27-Aug-2018 11:27:39.64 <<<<<<<<<<<<<<<<Test run - Smoke complete!>>>>>>>>>>>>>>>>
