07-Aug-2018 01:17:05.44 
 >>>>>> 
 >>>>>> Test in progress: test_C33_CheckBoatsPageDisplayedCorrectly
 >>>>>>
07-Aug-2018 01:17:07.00 Logging at address: dev.rooser.co.uk
07-Aug-2018 01:17:09.37 User admin@rooser.co.uk logged in.
07-Aug-2018 01:17:11.74 >>>>>> Test execution done, tearDown

07-Aug-2018 01:17:12.27 User logged out.
.07-Aug-2018 01:17:12.39 
 >>>>>> 
 >>>>>> Test in progress: test_C34_CheckBoatAdded
 >>>>>>
07-Aug-2018 01:17:13.97 Logging at address: dev.rooser.co.uk
07-Aug-2018 01:17:16.17 User admin@rooser.co.uk logged in.
07-Aug-2018 01:17:19.93 Office created.
07-Aug-2018 01:17:21.68 Boat created.
07-Aug-2018 01:17:22.84 Boat deleted.
07-Aug-2018 01:17:24.04 Office deleted.
07-Aug-2018 01:17:24.04 >>>>>> Test execution done, tearDown

07-Aug-2018 01:17:24.52 User logged out.
.07-Aug-2018 01:17:24.63 
 >>>>>> 
 >>>>>> Test in progress: test_C35_CheckBoatEdited
 >>>>>>
07-Aug-2018 01:17:26.25 Logging at address: dev.rooser.co.uk
07-Aug-2018 01:17:28.46 User admin@rooser.co.uk logged in.
07-Aug-2018 01:17:40.47 Office created.
07-Aug-2018 01:17:42.26 Boat created.
07-Aug-2018 01:17:43.96 Boat edited.
07-Aug-2018 01:17:45.21 Boat deleted.
07-Aug-2018 01:17:46.45 Office deleted.
07-Aug-2018 01:17:46.45 >>>>>> Test execution done, tearDown

07-Aug-2018 01:17:46.90 User logged out.
.07-Aug-2018 01:17:46.99 
 >>>>>> 
 >>>>>> Test in progress: test_C36_CheckBoatRemoved
 >>>>>>
07-Aug-2018 01:17:48.58 Logging at address: dev.rooser.co.uk
07-Aug-2018 01:17:50.80 User admin@rooser.co.uk logged in.
07-Aug-2018 01:17:54.52 Office created.
07-Aug-2018 01:17:56.27 Boat created.
07-Aug-2018 01:17:57.30 Boat deleted.
07-Aug-2018 01:17:58.52 Office deleted.
07-Aug-2018 01:17:58.52 >>>>>> Test execution done, tearDown

07-Aug-2018 01:17:58.96 User logged out.
.07-Aug-2018 01:17:59.08 
 >>>>>> 
 >>>>>> Test in progress: test_C37_CheckNewBoatRightDetails
 >>>>>>
07-Aug-2018 01:18:00.68 Logging at address: dev.rooser.co.uk
07-Aug-2018 01:18:02.94 User admin@rooser.co.uk logged in.
07-Aug-2018 01:18:06.70 Office created.
07-Aug-2018 01:18:08.46 Boat created.
E07-Aug-2018 01:18:08.89 >>>>>> Test execution done, tearDown

07-Aug-2018 01:18:09.38 User logged out.
07-Aug-2018 01:18:09.50 
 >>>>>> 
 >>>>>> Test in progress: test_C38_CheckBoatDetailsThenEdit
 >>>>>>
07-Aug-2018 01:18:11.10 Logging at address: dev.rooser.co.uk
07-Aug-2018 01:18:14.50 User admin@rooser.co.uk logged in.
07-Aug-2018 01:18:18.22 Office created.
07-Aug-2018 01:18:19.99 Boat created.
07-Aug-2018 01:18:21.87 Boat edited.
07-Aug-2018 01:18:23.06 Boat deleted.
07-Aug-2018 01:18:24.26 Office deleted.
07-Aug-2018 01:18:24.26 >>>>>> Test execution done, tearDown

07-Aug-2018 01:18:24.72 User logged out.
.07-Aug-2018 01:18:24.83 
 >>>>>> 
 >>>>>> Test in progress: test_C39_CheckBoatDetailsThenDelete
 >>>>>>
07-Aug-2018 01:18:26.43 Logging at address: dev.rooser.co.uk
07-Aug-2018 01:18:28.39 User admin@rooser.co.uk logged in.
07-Aug-2018 01:18:32.32 Office created.
07-Aug-2018 01:18:34.09 Boat created.
07-Aug-2018 01:18:35.32 Boat deleted.
E07-Aug-2018 01:18:35.49 >>>>>> Test execution done, tearDown

07-Aug-2018 01:18:35.96 User logged out.

======================================================================
ERROR: test_C37_CheckNewBoatRightDetails (SmokeSuiteBoats.SmokeTestBoats)
----------------------------------------------------------------------
Traceback (most recent call last):
  File "/afs/inf.ed.ac.uk/user/s12/s1211898/askThomas/automationRooserMsp/Tests/SmokeSuiteBoats.py", line 112, in test_C37_CheckNewBoatRightDetails
    self.assertEqual(boats_name, check_dialog.boats_name)
AttributeError: 'BoatsCheckDialog' object has no attribute 'boats_name'

======================================================================
ERROR: test_C39_CheckBoatDetailsThenDelete (SmokeSuiteBoats.SmokeTestBoats)
----------------------------------------------------------------------
Traceback (most recent call last):
  File "/afs/inf.ed.ac.uk/user/s12/s1211898/askThomas/automationRooserMsp/Tests/SmokeSuiteBoats.py", line 160, in test_C39_CheckBoatDetailsThenDelete
    self.assertEqual(no_boat_message, boats_page.empty_text)
  File "/afs/inf.ed.ac.uk/user/s12/s1211898/askThomas/automationRooserMsp/TestPages/BoatsPage.py", line 79, in empty_text
    return InvariableField(self.webdriver, by_type=By.CSS_SELECTOR, value=".react-bs-table-no-data").get_html()
  File "/afs/inf.ed.ac.uk/user/s12/s1211898/askThomas/automationRooserMsp/TestPages/TestPageObjects/InvariableField.py", line 8, in __init__
    self.element = web_driver_find.find_all(by_type, value)[index]
IndexError: list index out of range

----------------------------------------------------------------------
Ran 7 tests in 90.638s

FAILED (errors=2)
07-Aug-2018 01:18:36.07 <<<<<<<<<<<<<<<<Test run - Smoke complete!>>>>>>>>>>>>>>>>
