23-Aug-2018 06:38:02.33 
 >>>>>> 
 >>>>>> Test in progress: test_C126_CheckSalesOverviewPageDisplayedCorrectly
 >>>>>>
23-Aug-2018 06:38:03.93 Logging at address: dev.rooser.co.uk
23-Aug-2018 06:38:06.29 User admin@rooser.co.uk logged in.
E23-Aug-2018 06:38:09.46 >>>>>> Test execution done, tearDown

23-Aug-2018 06:38:09.93 User logged out.
23-Aug-2018 06:38:10.05 
 >>>>>> 
 >>>>>> Test in progress: test_C129_CheckSalesAllPageDisplayedCorrectly
 >>>>>>
23-Aug-2018 06:38:11.68 Logging at address: dev.rooser.co.uk
23-Aug-2018 06:38:13.94 User admin@rooser.co.uk logged in.
23-Aug-2018 06:38:17.06 >>>>>> Test execution done, tearDown

23-Aug-2018 06:38:17.56 User logged out.
.
======================================================================
ERROR: test_C126_CheckSalesOverviewPageDisplayedCorrectly (SmokeSuiteSales.SmokeTestSales)
----------------------------------------------------------------------
Traceback (most recent call last):
  File "/afs/inf.ed.ac.uk/user/s12/s1211898/askThomas/automationRooserMsp/Tests/SmokeSuiteSales.py", line 28, in test_C126_CheckSalesOverviewPageDisplayedCorrectly
    self.assertEqual(title_average, self.overview_page.title_average)
  File "/afs/inf.ed.ac.uk/user/s12/s1211898/askThomas/automationRooserMsp/TestPages/SalesOverviewPage.py", line 31, in title_average
    return InvariableField(self.webdriver, by_type=By.CSS_SELECTOR, value="div.row:nth-child(1) > div > div > .card-header > strong").get_html()
  File "/afs/inf.ed.ac.uk/user/s12/s1211898/askThomas/automationRooserMsp/TestPages/TestPageObjects/InvariableField.py", line 8, in __init__
    self.element = web_driver_find.find_all(by_type, value)[index]
IndexError: list index out of range

----------------------------------------------------------------------
Ran 2 tests in 15.312s

FAILED (errors=1)
23-Aug-2018 06:38:17.64 <<<<<<<<<<<<<<<<Test run - Smoke complete!>>>>>>>>>>>>>>>>
