24-Aug-2018 02:38:14.88 
 >>>>>> 
 >>>>>> Test in progress: test_C139_CheckNoSpeciesValidation
 >>>>>>
24-Aug-2018 02:38:16.54 Logging at address: dev.rooser.co.uk
24-Aug-2018 02:38:19.34 User admin@rooser.co.uk logged in.
E24-Aug-2018 02:38:23.03 >>>>>> Test execution done, tearDown

24-Aug-2018 02:38:23.61 User logged out.

======================================================================
ERROR: test_C139_CheckNoSpeciesValidation (SmokeSuitePurchases.SmokeTestPurchases)
----------------------------------------------------------------------
Traceback (most recent call last):
  File "/afs/inf.ed.ac.uk/user/s12/s1211898/askThomas/automationRooserMsp/Tests/SmokeSuitePurchases.py", line 81, in test_C139_CheckNoSpeciesValidation
    add_dialog.cancel_button.click()
  File "/afs/inf.ed.ac.uk/user/s12/s1211898/askThomas/automationRooserMsp/TestPages/TestDialogs/PurchasesAddDialog.py", line 70, in cancel_button
    return CTAButton(self.webdriver, By.CSS_SELECTOR, ".btn-danger")
  File "/afs/inf.ed.ac.uk/user/s12/s1211898/askThomas/automationRooserMsp/TestPages/TestPageObjects/CTAButton.py", line 53, in __init__
    self.element = self.web_driver_find.find_all(by_type, value)[index]
IndexError: list index out of range

----------------------------------------------------------------------
Ran 1 test in 8.901s

FAILED (errors=1)
24-Aug-2018 02:38:23.78 <<<<<<<<<<<<<<<<Test run - Smoke complete!>>>>>>>>>>>>>>>>
