28-Aug-2018 09:11:43.13 
 >>>>>> 
 >>>>>> Test in progress: test_C160_CheckMinimumWeightPerOrderValidation
 >>>>>>
28-Aug-2018 09:11:44.80 Logging at address: dev.rooser.co.uk
28-Aug-2018 09:11:47.32 User admin@rooser.co.uk logged in.
28-Aug-2018 09:12:01.08 Customer created.
28-Aug-2018 09:12:02.87 Transport created.
28-Aug-2018 09:12:04.96 Product created.
E28-Aug-2018 09:12:08.36 >>>>>> Test execution done, tearDown

28-Aug-2018 09:12:08.90 User logged out.
28-Aug-2018 09:12:09.02 
 >>>>>> 
 >>>>>> Test in progress: test_C161_CheckSaleValidationTransportThatDoeNotDeliverToCustomersWithNoMinWeight
 >>>>>>
28-Aug-2018 09:12:10.67 Logging at address: dev.rooser.co.uk
28-Aug-2018 09:12:13.06 User admin@rooser.co.uk logged in.
28-Aug-2018 09:12:26.15 Customer created.
28-Aug-2018 09:12:27.63 Transport created.
28-Aug-2018 09:12:29.68 Product created.
28-Aug-2018 09:12:32.38 Making an attempt to check for notification: A transport that delivers to customer is required
E28-Aug-2018 09:12:32.58 >>>>>> Test execution done, tearDown

28-Aug-2018 09:12:33.16 User logged out.

======================================================================
ERROR: test_C160_CheckMinimumWeightPerOrderValidation (SmokeSuiteSales.SmokeTestSales)
----------------------------------------------------------------------
Traceback (most recent call last):
  File "/afs/inf.ed.ac.uk/user/s12/s1211898/askThomas/automationRooserMsp/Tests/SmokeSuiteSales.py", line 92, in test_C160_CheckMinimumWeightPerOrderValidation
    message_dialog = MessageDialog(self.driver)
  File "/afs/inf.ed.ac.uk/user/s12/s1211898/askThomas/automationRooserMsp/TestPages/TestDialogs/MessageDialog.py", line 13, in __init__
    self.element = web_driver_find.find_all(by_type=By.CSS_SELECTOR, value='sweet-alert')[web_element_index]
IndexError: list index out of range

======================================================================
ERROR: test_C161_CheckSaleValidationTransportThatDoeNotDeliverToCustomersWithNoMinWeight (SmokeSuiteSales.SmokeTestSales)
----------------------------------------------------------------------
Traceback (most recent call last):
  File "/afs/inf.ed.ac.uk/user/s12/s1211898/askThomas/automationRooserMsp/Tests/SmokeSuiteSales.py", line 132, in test_C161_CheckSaleValidationTransportThatDoeNotDeliverToCustomersWithNoMinWeight
    add_dialog_s.is_text_present(error_message)
  File "/afs/inf.ed.ac.uk/user/s12/s1211898/askThomas/automationRooserMsp/TestPages/PageActions/NotificationVerifier.py", line 25, in is_text_present
    WebDriverWait(self.webdriver, 20).until(notification_field)
  File "/afs/inf.ed.ac.uk/user/s12/s1211898/miniconda3/envs/automationRooser/lib/python2.7/site-packages/selenium/webdriver/support/wait.py", line 71, in until
    value = method(self._driver)
  File "/afs/inf.ed.ac.uk/user/s12/s1211898/askThomas/automationRooserMsp/TestHelpers/ExpectedConditions.py", line 26, in __call__
    element_text = find_elements(driver, self.locator)[self.element_index].text
IndexError: list index out of range

----------------------------------------------------------------------
Ran 2 tests in 50.149s

FAILED (errors=2)
28-Aug-2018 09:12:33.27 <<<<<<<<<<<<<<<<Test run - Smoke complete!>>>>>>>>>>>>>>>>
