07-Aug-2018 00:27:07.85 
 >>>>>> 
 >>>>>> Test in progress: test_C33_CheckBoatsPageDisplayedCorrectly
 >>>>>>
07-Aug-2018 00:27:09.44 Logging at address: dev.rooser.co.uk
07-Aug-2018 00:27:11.62 User admin@rooser.co.uk logged in.
07-Aug-2018 00:27:14.01 >>>>>> Test execution done, tearDown

07-Aug-2018 00:27:14.51 User logged out.
.07-Aug-2018 00:27:14.64 
 >>>>>> 
 >>>>>> Test in progress: test_C34_CheckBoatAdded
 >>>>>>
07-Aug-2018 00:27:16.21 Logging at address: dev.rooser.co.uk
07-Aug-2018 00:27:18.50 User admin@rooser.co.uk logged in.
07-Aug-2018 00:27:22.27 Office created.
E07-Aug-2018 00:27:22.85 >>>>>> Test execution done, tearDown

E07-Aug-2018 00:27:23.56 User logged out.

======================================================================
ERROR: test_C34_CheckBoatAdded (SmokeSuiteBoats.SmokeTestBoats)
----------------------------------------------------------------------
Traceback (most recent call last):
  File "/afs/inf.ed.ac.uk/user/s12/s1211898/askThomas/automationRooserMsp/Tests/SmokeSuiteBoats.py", line 47, in test_C34_CheckBoatAdded
    boats_page.add_entry(boats_page, self.office_name)
  File "/afs/inf.ed.ac.uk/user/s12/s1211898/askThomas/automationRooserMsp/TestPages/BoatsPage.py", line 37, in add_entry
    add_dialog.add_entry_and_save(name, office)
  File "/afs/inf.ed.ac.uk/user/s12/s1211898/askThomas/automationRooserMsp/TestPages/TestDialogs/BoatsAddDialog.py", line 23, in add_entry_and_save
    self.name.send_keys(name)
  File "/afs/inf.ed.ac.uk/user/s12/s1211898/askThomas/automationRooserMsp/TestPages/TestPageObjects/EditField.py", line 17, in send_keys
    self.element.send_keys(value)
  File "/afs/inf.ed.ac.uk/user/s12/s1211898/miniconda3/envs/automationRooser/lib/python2.7/site-packages/selenium/webdriver/remote/webelement.py", line 478, in send_keys
    {'text': "".join(keys_to_typing(value)),
  File "/afs/inf.ed.ac.uk/user/s12/s1211898/miniconda3/envs/automationRooser/lib/python2.7/site-packages/selenium/webdriver/common/utils.py", line 150, in keys_to_typing
    for i in range(len(val)):
TypeError: object of type 'BoatsPage' has no len()

======================================================================
ERROR: test_C34_CheckBoatAdded (SmokeSuiteBoats.SmokeTestBoats)
----------------------------------------------------------------------
Traceback (most recent call last):
  File "/afs/inf.ed.ac.uk/user/s12/s1211898/askThomas/automationRooserMsp/TestPages/BoatsPage.py", line 53, in remove_entry
    row = self.table.get_row_for_field_value(HeadersBoats.Name, name)
  File "/afs/inf.ed.ac.uk/user/s12/s1211898/askThomas/automationRooserMsp/TestPages/TestPageObjects/Table/BaseTable.py", line 76, in get_row_for_field_value
    for row in self.rows:
  File "/afs/inf.ed.ac.uk/user/s12/s1211898/askThomas/automationRooserMsp/TestPages/TestPageObjects/Table/BaseTable.py", line 50, in rows
    all_rows = self.get_raw_rows()
  File "/afs/inf.ed.ac.uk/user/s12/s1211898/askThomas/automationRooserMsp/TestPages/TestPageObjects/Table/BaseTable.py", line 26, in get_raw_rows
    return self.table_element.find_elements_by_css_selector('tr')
  File "/afs/inf.ed.ac.uk/user/s12/s1211898/askThomas/automationRooserMsp/TestPages/TestPageObjects/Table/BaseTable.py", line 31, in table_element
    return self.web_driver_find.find_all(By.CSS_SELECTOR, '.react-bs-table')[self.table_index]
IndexError: list index out of range

----------------------------------------------------------------------
Ran 2 tests in 15.831s

FAILED (errors=2)
07-Aug-2018 00:27:23.68 <<<<<<<<<<<<<<<<Test run - Smoke complete!>>>>>>>>>>>>>>>>
