28-Aug-2018 09:05:33.51 
 >>>>>> 
 >>>>>> Test in progress: test_C160_CheckMinimumWeightPerOrderValidation
 >>>>>>
28-Aug-2018 09:05:35.15 Logging at address: dev.rooser.co.uk
28-Aug-2018 09:05:42.49 User admin@rooser.co.uk logged in.
28-Aug-2018 09:05:55.42 Customer created.
28-Aug-2018 09:05:57.12 Transport created.
28-Aug-2018 09:05:59.02 Product created.
E28-Aug-2018 09:05:59.71 >>>>>> Test execution done, tearDown

28-Aug-2018 09:06:00.22 User logged out.
28-Aug-2018 09:06:00.35 
 >>>>>> 
 >>>>>> Test in progress: test_C161_CheckSaleValidationTransportThatDoeNotDeliverToCustomersWithNoMinWeight
 >>>>>>
28-Aug-2018 09:06:02.01 Logging at address: dev.rooser.co.uk
28-Aug-2018 09:06:04.37 User admin@rooser.co.uk logged in.
28-Aug-2018 09:06:17.33 Customer created.
28-Aug-2018 09:06:18.73 Transport created.
28-Aug-2018 09:06:20.78 Product created.
E28-Aug-2018 09:06:21.44 >>>>>> Test execution done, tearDown

28-Aug-2018 09:06:21.93 User logged out.

======================================================================
ERROR: test_C160_CheckMinimumWeightPerOrderValidation (SmokeSuiteSales.SmokeTestSales)
----------------------------------------------------------------------
Traceback (most recent call last):
  File "/afs/inf.ed.ac.uk/user/s12/s1211898/askThomas/automationRooserMsp/Tests/SmokeSuiteSales.py", line 77, in test_C160_CheckMinimumWeightPerOrderValidation
    add_dialog = SalesAllAddDialog(self.webdriver)
AttributeError: 'SmokeTestSales' object has no attribute 'webdriver'

======================================================================
ERROR: test_C161_CheckSaleValidationTransportThatDoeNotDeliverToCustomersWithNoMinWeight (SmokeSuiteSales.SmokeTestSales)
----------------------------------------------------------------------
Traceback (most recent call last):
  File "/afs/inf.ed.ac.uk/user/s12/s1211898/askThomas/automationRooserMsp/Tests/SmokeSuiteSales.py", line 116, in test_C161_CheckSaleValidationTransportThatDoeNotDeliverToCustomersWithNoMinWeight
    add_dialog = SalesAllAddDialog(self.webdriver)
AttributeError: 'SmokeTestSales' object has no attribute 'webdriver'

----------------------------------------------------------------------
Ran 2 tests in 48.530s

FAILED (errors=2)
28-Aug-2018 09:06:22.04 <<<<<<<<<<<<<<<<Test run - Smoke complete!>>>>>>>>>>>>>>>>
