05-Aug-2018 21:41:41.91 
 >>>>>> 
 >>>>>> Test in progress: test_C1_CheckTansportsPageDisplayedCorrectly
 >>>>>>
05-Aug-2018 21:41:43.55 Logging at address: dev.rooser.co.uk
05-Aug-2018 21:41:45.81 User admin@rooser.co.uk logged in.
E05-Aug-2018 21:41:48.69 User logged out.
05-Aug-2018 21:41:48.81 
 >>>>>> 
 >>>>>> Test in progress: test_C105_CheckNoDuplicateEntriesAllowed
 >>>>>>
05-Aug-2018 21:41:50.42 Logging at address: dev.rooser.co.uk
05-Aug-2018 21:41:52.62 User admin@rooser.co.uk logged in.
E05-Aug-2018 21:41:56.48 >>>>>> Test execution done, tearDown

05-Aug-2018 21:41:59.10 User logged out.
05-Aug-2018 21:41:59.21 
 >>>>>> 
 >>>>>> Test in progress: test_C10_CheckTransportDetailsThenEdit
 >>>>>>
05-Aug-2018 21:42:00.81 Logging at address: dev.rooser.co.uk
05-Aug-2018 21:42:02.99 User admin@rooser.co.uk logged in.
E05-Aug-2018 21:42:06.83 >>>>>> Test execution done, tearDown

E05-Aug-2018 21:42:11.78 User logged out.
05-Aug-2018 21:42:11.91 
 >>>>>> 
 >>>>>> Test in progress: test_C11_CheckTransportDetailsThenDelete
 >>>>>>
05-Aug-2018 21:42:13.54 Logging at address: dev.rooser.co.uk
05-Aug-2018 21:42:15.57 User admin@rooser.co.uk logged in.
E05-Aug-2018 21:42:19.56 >>>>>> Test execution done, tearDown

05-Aug-2018 21:42:22.20 User logged out.
05-Aug-2018 21:42:22.31 
 >>>>>> 
 >>>>>> Test in progress: test_C1_CheckTansportsPageDisplayedCorrectly
 >>>>>>
05-Aug-2018 21:42:23.90 Logging at address: dev.rooser.co.uk
05-Aug-2018 21:42:26.10 User admin@rooser.co.uk logged in.
05-Aug-2018 21:42:28.47 >>>>>> Test execution done, tearDown

05-Aug-2018 21:42:29.09 User logged out.
.05-Aug-2018 21:42:29.21 
 >>>>>> 
 >>>>>> Test in progress: test_C2_CheckTransportAdded
 >>>>>>
05-Aug-2018 21:42:30.83 Logging at address: dev.rooser.co.uk
05-Aug-2018 21:42:32.99 User admin@rooser.co.uk logged in.
E05-Aug-2018 21:42:36.83 >>>>>> Test execution done, tearDown

E05-Aug-2018 21:42:39.65 User logged out.
05-Aug-2018 21:42:39.77 
 >>>>>> 
 >>>>>> Test in progress: test_C3_CheckTransportEdited
 >>>>>>
05-Aug-2018 21:42:41.38 Logging at address: dev.rooser.co.uk
05-Aug-2018 21:42:43.53 User admin@rooser.co.uk logged in.
E05-Aug-2018 21:42:47.44 >>>>>> Test execution done, tearDown

E05-Aug-2018 21:42:50.26 User logged out.
05-Aug-2018 21:42:50.37 
 >>>>>> 
 >>>>>> Test in progress: test_C4_CheckTransportRemoved
 >>>>>>
05-Aug-2018 21:42:51.97 Logging at address: dev.rooser.co.uk
05-Aug-2018 21:42:54.11 User admin@rooser.co.uk logged in.
E05-Aug-2018 21:42:57.95 >>>>>> Test execution done, tearDown

05-Aug-2018 21:43:00.57 User logged out.
05-Aug-2018 21:43:00.68 
 >>>>>> 
 >>>>>> Test in progress: test_C5_CheckNoTransportNameValidation
 >>>>>>
05-Aug-2018 21:43:02.30 Logging at address: dev.rooser.co.uk
05-Aug-2018 21:43:04.44 User admin@rooser.co.uk logged in.
05-Aug-2018 21:43:07.29 Making an attempt to check for notification: This field is required
05-Aug-2018 21:43:27.55 >>>>>> Test execution done, tearDown

05-Aug-2018 21:43:28.10 User logged out.
.05-Aug-2018 21:43:28.16 
 >>>>>> 
 >>>>>> Test in progress: test_C6_CheckIncorrecMinWeightValidation
 >>>>>>
05-Aug-2018 21:43:29.77 Logging at address: dev.rooser.co.uk
05-Aug-2018 21:43:31.87 User admin@rooser.co.uk logged in.
05-Aug-2018 21:43:34.82 Making an attempt to check for notification: Please enter a value greater than or equal to 0
05-Aug-2018 21:43:55.08 >>>>>> Test execution done, tearDown

05-Aug-2018 21:43:55.65 User logged out.
.05-Aug-2018 21:43:55.72 
 >>>>>> 
 >>>>>> Test in progress: test_C8_CheckIncorrectTransportNameValidation
 >>>>>>
05-Aug-2018 21:43:57.32 Logging at address: dev.rooser.co.uk
05-Aug-2018 21:43:59.73 User admin@rooser.co.uk logged in.
05-Aug-2018 21:44:02.58 Making an attempt to check for notification: Please enter a name with 3-30 characters
05-Aug-2018 21:44:22.87 >>>>>> Test execution done, tearDown

05-Aug-2018 21:44:23.44 User logged out.
.05-Aug-2018 21:44:23.55 
 >>>>>> 
 >>>>>> Test in progress: test_C9_CheckNewTransportRightDetails
 >>>>>>
05-Aug-2018 21:44:25.16 Logging at address: dev.rooser.co.uk
05-Aug-2018 21:44:27.35 User admin@rooser.co.uk logged in.
E05-Aug-2018 21:44:31.22 >>>>>> Test execution done, tearDown

E05-Aug-2018 21:44:34.04 User logged out.
05-Aug-2018 21:44:34.17 
 >>>>>> 
 >>>>>> Test in progress: test_C72830_CheckAnalysisPageDisplayedCorrectly
 >>>>>>
05-Aug-2018 21:44:35.77 Logging at address: dev.rooser.co.uk
05-Aug-2018 21:44:37.95 User admin@rooser.co.uk logged in.
E05-Aug-2018 21:44:40.38 >>>>>> Test execution done, tearDown

05-Aug-2018 21:44:40.88 User logged out.

======================================================================
ERROR: test_C1_CheckTansportsPageDisplayedCorrectly (SmokeSuiteAccountSettings.SmokeTestAccountSettings)
----------------------------------------------------------------------
Traceback (most recent call last):
  File "/afs/inf.ed.ac.uk/user/s12/s1211898/askThomas/automationRooserMsp/Tests/SmokeSuiteAccountSettings.py", line 18, in setUp
    self.account_details_page = self.switch_to_account_details_page()
  File "/afs/inf.ed.ac.uk/user/s12/s1211898/askThomas/automationRooserMsp/Tests/SmokeSuiteAccountSettings.py", line 25, in switch_to_account_details_page
    account_settings_page.account_details_button.click()
  File "/afs/inf.ed.ac.uk/user/s12/s1211898/askThomas/automationRooserMsp/TestPages/AccountSettingsPage.py", line 22, in account_details_button
    return CTAButton(self.webdriver, By.CSS_SELECTOR, 'li>.nav-link', index=21)
  File "/afs/inf.ed.ac.uk/user/s12/s1211898/askThomas/automationRooserMsp/TestPages/TestPageObjects/CTAButton.py", line 53, in __init__
    self.element = self.web_driver_find.find_all(by_type, value)[index]
IndexError: list index out of range

======================================================================
ERROR: test_C105_CheckNoDuplicateEntriesAllowed (SmokeSuiteTransports.SmokeTestTransports)
----------------------------------------------------------------------
Traceback (most recent call last):
  File "/afs/inf.ed.ac.uk/user/s12/s1211898/askThomas/automationRooserMsp/Tests/SmokeSuiteTransports.py", line 213, in test_C105_CheckNoDuplicateEntriesAllowed
    self.transports_page.add_entry(transport_name, weight, shipping)
  File "/afs/inf.ed.ac.uk/user/s12/s1211898/askThomas/automationRooserMsp/TestPages/TransportsPage.py", line 38, in add_entry
    confirmation_dialog.ok_button.click()
  File "/afs/inf.ed.ac.uk/user/s12/s1211898/askThomas/automationRooserMsp/TestPages/TestDialogs/ConfirmationMessageDialog.py", line 23, in ok_button
    return CTAButton(self.web_element, By.CSS_SELECTOR, ".btn-lg.btn-primary")
NameError: global name 'CTAButton' is not defined

======================================================================
ERROR: test_C10_CheckTransportDetailsThenEdit (SmokeSuiteTransports.SmokeTestTransports)
----------------------------------------------------------------------
Traceback (most recent call last):
  File "/afs/inf.ed.ac.uk/user/s12/s1211898/askThomas/automationRooserMsp/Tests/SmokeSuiteTransports.py", line 126, in test_C10_CheckTransportDetailsThenEdit
    self.transports_page.add_entry(transport_name, weight, shipping)
  File "/afs/inf.ed.ac.uk/user/s12/s1211898/askThomas/automationRooserMsp/TestPages/TransportsPage.py", line 38, in add_entry
    confirmation_dialog.ok_button.click()
  File "/afs/inf.ed.ac.uk/user/s12/s1211898/askThomas/automationRooserMsp/TestPages/TestDialogs/ConfirmationMessageDialog.py", line 23, in ok_button
    return CTAButton(self.web_element, By.CSS_SELECTOR, ".btn-lg.btn-primary")
NameError: global name 'CTAButton' is not defined

======================================================================
ERROR: test_C10_CheckTransportDetailsThenEdit (SmokeSuiteTransports.SmokeTestTransports)
----------------------------------------------------------------------
Traceback (most recent call last):
  File "/afs/inf.ed.ac.uk/user/s12/s1211898/askThomas/automationRooserMsp/TestPages/TransportsPage.py", line 50, in remove_entry
    row = self.table.get_row_for_field_value(HeadersTransports.Name, name)
  File "/afs/inf.ed.ac.uk/user/s12/s1211898/askThomas/automationRooserMsp/TestPages/TestPageObjects/Table/BaseTable.py", line 76, in get_row_for_field_value
    for row in self.rows:
  File "/afs/inf.ed.ac.uk/user/s12/s1211898/askThomas/automationRooserMsp/TestPages/TestPageObjects/Table/BaseTable.py", line 52, in rows
    if self.table_type == TableType.status_action_type and len(all_rows) > 0:
AttributeError: type object 'TableType' has no attribute 'status_action_type'

======================================================================
ERROR: test_C11_CheckTransportDetailsThenDelete (SmokeSuiteTransports.SmokeTestTransports)
----------------------------------------------------------------------
Traceback (most recent call last):
  File "/afs/inf.ed.ac.uk/user/s12/s1211898/askThomas/automationRooserMsp/Tests/SmokeSuiteTransports.py", line 146, in test_C11_CheckTransportDetailsThenDelete
    self.transports_page.add_entry(transport_name, weight, shipping)
  File "/afs/inf.ed.ac.uk/user/s12/s1211898/askThomas/automationRooserMsp/TestPages/TransportsPage.py", line 38, in add_entry
    confirmation_dialog.ok_button.click()
  File "/afs/inf.ed.ac.uk/user/s12/s1211898/askThomas/automationRooserMsp/TestPages/TestDialogs/ConfirmationMessageDialog.py", line 23, in ok_button
    return CTAButton(self.web_element, By.CSS_SELECTOR, ".btn-lg.btn-primary")
NameError: global name 'CTAButton' is not defined

======================================================================
ERROR: test_C2_CheckTransportAdded (SmokeSuiteTransports.SmokeTestTransports)
----------------------------------------------------------------------
Traceback (most recent call last):
  File "/afs/inf.ed.ac.uk/user/s12/s1211898/askThomas/automationRooserMsp/Tests/SmokeSuiteTransports.py", line 41, in test_C2_CheckTransportAdded
    self.transports_page.add_entry(transport_name, weight, shipping)
  File "/afs/inf.ed.ac.uk/user/s12/s1211898/askThomas/automationRooserMsp/TestPages/TransportsPage.py", line 38, in add_entry
    confirmation_dialog.ok_button.click()
  File "/afs/inf.ed.ac.uk/user/s12/s1211898/askThomas/automationRooserMsp/TestPages/TestDialogs/ConfirmationMessageDialog.py", line 23, in ok_button
    return CTAButton(self.web_element, By.CSS_SELECTOR, ".btn-lg.btn-primary")
NameError: global name 'CTAButton' is not defined

======================================================================
ERROR: test_C2_CheckTransportAdded (SmokeSuiteTransports.SmokeTestTransports)
----------------------------------------------------------------------
Traceback (most recent call last):
  File "/afs/inf.ed.ac.uk/user/s12/s1211898/askThomas/automationRooserMsp/TestPages/TransportsPage.py", line 50, in remove_entry
    row = self.table.get_row_for_field_value(HeadersTransports.Name, name)
  File "/afs/inf.ed.ac.uk/user/s12/s1211898/askThomas/automationRooserMsp/TestPages/TestPageObjects/Table/BaseTable.py", line 76, in get_row_for_field_value
    for row in self.rows:
  File "/afs/inf.ed.ac.uk/user/s12/s1211898/askThomas/automationRooserMsp/TestPages/TestPageObjects/Table/BaseTable.py", line 52, in rows
    if self.table_type == TableType.status_action_type and len(all_rows) > 0:
AttributeError: type object 'TableType' has no attribute 'status_action_type'

======================================================================
ERROR: test_C3_CheckTransportEdited (SmokeSuiteTransports.SmokeTestTransports)
----------------------------------------------------------------------
Traceback (most recent call last):
  File "/afs/inf.ed.ac.uk/user/s12/s1211898/askThomas/automationRooserMsp/Tests/SmokeSuiteTransports.py", line 63, in test_C3_CheckTransportEdited
    self.transports_page.add_entry(transport_name, weight, shipping)
  File "/afs/inf.ed.ac.uk/user/s12/s1211898/askThomas/automationRooserMsp/TestPages/TransportsPage.py", line 38, in add_entry
    confirmation_dialog.ok_button.click()
  File "/afs/inf.ed.ac.uk/user/s12/s1211898/askThomas/automationRooserMsp/TestPages/TestDialogs/ConfirmationMessageDialog.py", line 23, in ok_button
    return CTAButton(self.web_element, By.CSS_SELECTOR, ".btn-lg.btn-primary")
NameError: global name 'CTAButton' is not defined

======================================================================
ERROR: test_C3_CheckTransportEdited (SmokeSuiteTransports.SmokeTestTransports)
----------------------------------------------------------------------
Traceback (most recent call last):
  File "/afs/inf.ed.ac.uk/user/s12/s1211898/askThomas/automationRooserMsp/TestPages/TransportsPage.py", line 50, in remove_entry
    row = self.table.get_row_for_field_value(HeadersTransports.Name, name)
  File "/afs/inf.ed.ac.uk/user/s12/s1211898/askThomas/automationRooserMsp/TestPages/TestPageObjects/Table/BaseTable.py", line 76, in get_row_for_field_value
    for row in self.rows:
  File "/afs/inf.ed.ac.uk/user/s12/s1211898/askThomas/automationRooserMsp/TestPages/TestPageObjects/Table/BaseTable.py", line 52, in rows
    if self.table_type == TableType.status_action_type and len(all_rows) > 0:
AttributeError: type object 'TableType' has no attribute 'status_action_type'

======================================================================
ERROR: test_C4_CheckTransportRemoved (SmokeSuiteTransports.SmokeTestTransports)
----------------------------------------------------------------------
Traceback (most recent call last):
  File "/afs/inf.ed.ac.uk/user/s12/s1211898/askThomas/automationRooserMsp/Tests/SmokeSuiteTransports.py", line 80, in test_C4_CheckTransportRemoved
    self.transports_page.add_entry(transport_name, weight, shipping)
  File "/afs/inf.ed.ac.uk/user/s12/s1211898/askThomas/automationRooserMsp/TestPages/TransportsPage.py", line 38, in add_entry
    confirmation_dialog.ok_button.click()
  File "/afs/inf.ed.ac.uk/user/s12/s1211898/askThomas/automationRooserMsp/TestPages/TestDialogs/ConfirmationMessageDialog.py", line 23, in ok_button
    return CTAButton(self.web_element, By.CSS_SELECTOR, ".btn-lg.btn-primary")
NameError: global name 'CTAButton' is not defined

======================================================================
ERROR: test_C9_CheckNewTransportRightDetails (SmokeSuiteTransports.SmokeTestTransports)
----------------------------------------------------------------------
Traceback (most recent call last):
  File "/afs/inf.ed.ac.uk/user/s12/s1211898/askThomas/automationRooserMsp/Tests/SmokeSuiteTransports.py", line 102, in test_C9_CheckNewTransportRightDetails
    self.transports_page.add_entry(transport_name, weight, shipping)
  File "/afs/inf.ed.ac.uk/user/s12/s1211898/askThomas/automationRooserMsp/TestPages/TransportsPage.py", line 38, in add_entry
    confirmation_dialog.ok_button.click()
  File "/afs/inf.ed.ac.uk/user/s12/s1211898/askThomas/automationRooserMsp/TestPages/TestDialogs/ConfirmationMessageDialog.py", line 23, in ok_button
    return CTAButton(self.web_element, By.CSS_SELECTOR, ".btn-lg.btn-primary")
NameError: global name 'CTAButton' is not defined

======================================================================
ERROR: test_C9_CheckNewTransportRightDetails (SmokeSuiteTransports.SmokeTestTransports)
----------------------------------------------------------------------
Traceback (most recent call last):
  File "/afs/inf.ed.ac.uk/user/s12/s1211898/askThomas/automationRooserMsp/TestPages/TransportsPage.py", line 50, in remove_entry
    row = self.table.get_row_for_field_value(HeadersTransports.Name, name)
  File "/afs/inf.ed.ac.uk/user/s12/s1211898/askThomas/automationRooserMsp/TestPages/TestPageObjects/Table/BaseTable.py", line 76, in get_row_for_field_value
    for row in self.rows:
  File "/afs/inf.ed.ac.uk/user/s12/s1211898/askThomas/automationRooserMsp/TestPages/TestPageObjects/Table/BaseTable.py", line 52, in rows
    if self.table_type == TableType.status_action_type and len(all_rows) > 0:
AttributeError: type object 'TableType' has no attribute 'status_action_type'

======================================================================
ERROR: test_C72830_CheckAnalysisPageDisplayedCorrectly (SmokeSuiteDashboard.SmokeTestDashboard)
----------------------------------------------------------------------
Traceback (most recent call last):
  File "/afs/inf.ed.ac.uk/user/s12/s1211898/askThomas/automationRooserMsp/Tests/SmokeSuiteDashboard.py", line 28, in test_C72830_CheckAnalysisPageDisplayedCorrectly
    self.assertEqual(title, self.analysis_page.page_title)
AttributeError: 'SmokeTestDashboard' object has no attribute 'analysis_page'

----------------------------------------------------------------------
Ran 13 tests in 179.085s

FAILED (errors=13)
05-Aug-2018 21:44:40.99 <<<<<<<<<<<<<<<<Test run - Smoke complete!>>>>>>>>>>>>>>>>
